[0.122s] DEBUG:colcon:Command line arguments: ['/usr/bin/colcon', 'build']
[0.122s] DEBUG:colcon:Parsed command line arguments: Namespace(log_base=None, log_level=None, verb_name='build', build_base='build', install_base='install', merge_install=False, symlink_install=False, test_result_base=None, continue_on_error=False, executor='parallel', parallel_workers=8, event_handlers=None, ignore_user_meta=False, metas=['./colcon.meta'], base_paths=['.'], packages_ignore=None, packages_ignore_regex=None, paths=None, packages_up_to=None, packages_up_to_regex=None, packages_above=None, packages_above_and_dependencies=None, packages_above_depth=None, packages_select_by_dep=None, packages_skip_by_dep=None, packages_skip_up_to=None, packages_select_build_failed=False, packages_skip_build_finished=False, packages_select_test_failures=False, packages_skip_test_passed=False, packages_select=None, packages_skip=None, packages_select_regex=None, packages_skip_regex=None, packages_start=None, packages_end=None, allow_overriding=[], cmake_args=None, cmake_target=None, cmake_target_skip_unavailable=False, cmake_clean_cache=False, cmake_clean_first=False, cmake_force_configure=False, ament_cmake_args=None, catkin_cmake_args=None, catkin_skip_building_tests=False, verb_parser=<colcon_defaults.argument_parser.defaults.DefaultArgumentsDecorator object at 0x79ec3c546500>, verb_extension=<colcon_core.verb.build.BuildVerb object at 0x79ec3c62f100>, main=<bound method BuildVerb.main of <colcon_core.verb.build.BuildVerb object at 0x79ec3c62f100>>)
[0.346s] Level 1:colcon.colcon_core.package_discovery:discover_packages(colcon_meta) check parameters
[0.346s] Level 1:colcon.colcon_core.package_discovery:discover_packages(recursive) check parameters
[0.346s] Level 1:colcon.colcon_core.package_discovery:discover_packages(ignore) check parameters
[0.346s] Level 1:colcon.colcon_core.package_discovery:discover_packages(path) check parameters
[0.346s] Level 1:colcon.colcon_core.package_discovery:discover_packages(colcon_meta) discover
[0.346s] Level 1:colcon.colcon_core.package_discovery:discover_packages(recursive) discover
[0.346s] INFO:colcon.colcon_core.package_discovery:Crawling recursively for packages in '/home/govind/abhiyaan/gazebo_ws'
[0.346s] Level 1:colcon.colcon_core.package_identification:_identify(.) by extensions ['ignore', 'ignore_ament_install']
[0.346s] Level 1:colcon.colcon_core.package_identification:_identify(.) by extension 'ignore'
[0.346s] Level 1:colcon.colcon_core.package_identification:_identify(.) by extension 'ignore_ament_install'
[0.346s] Level 1:colcon.colcon_core.package_identification:_identify(.) by extensions ['colcon_pkg']
[0.346s] Level 1:colcon.colcon_core.package_identification:_identify(.) by extension 'colcon_pkg'
[0.346s] Level 1:colcon.colcon_core.package_identification:_identify(.) by extensions ['colcon_meta']
[0.346s] Level 1:colcon.colcon_core.package_identification:_identify(.) by extension 'colcon_meta'
[0.347s] Level 1:colcon.colcon_core.package_identification:_identify(.) by extensions ['ros']
[0.347s] Level 1:colcon.colcon_core.package_identification:_identify(.) by extension 'ros'
[0.359s] Level 1:colcon.colcon_core.package_identification:_identify(.) by extensions ['cmake', 'python']
[0.359s] Level 1:colcon.colcon_core.package_identification:_identify(.) by extension 'cmake'
[0.359s] Level 1:colcon.colcon_core.package_identification:_identify(.) by extension 'python'
[0.359s] Level 1:colcon.colcon_core.package_identification:_identify(.) by extensions ['python_setup_py']
[0.359s] Level 1:colcon.colcon_core.package_identification:_identify(.) by extension 'python_setup_py'
[0.359s] Level 1:colcon.colcon_core.package_identification:_identify(build) by extensions ['ignore', 'ignore_ament_install']
[0.359s] Level 1:colcon.colcon_core.package_identification:_identify(build) by extension 'ignore'
[0.359s] Level 1:colcon.colcon_core.package_identification:_identify(build) ignored
[0.360s] Level 1:colcon.colcon_core.package_identification:_identify(install) by extensions ['ignore', 'ignore_ament_install']
[0.360s] Level 1:colcon.colcon_core.package_identification:_identify(install) by extension 'ignore'
[0.360s] Level 1:colcon.colcon_core.package_identification:_identify(install) ignored
[0.360s] Level 1:colcon.colcon_core.package_identification:_identify(log) by extensions ['ignore', 'ignore_ament_install']
[0.360s] Level 1:colcon.colcon_core.package_identification:_identify(log) by extension 'ignore'
[0.360s] Level 1:colcon.colcon_core.package_identification:_identify(log) ignored
[0.360s] Level 1:colcon.colcon_core.package_identification:_identify(src) by extensions ['ignore', 'ignore_ament_install']
[0.360s] Level 1:colcon.colcon_core.package_identification:_identify(src) by extension 'ignore'
[0.360s] Level 1:colcon.colcon_core.package_identification:_identify(src) by extension 'ignore_ament_install'
[0.360s] Level 1:colcon.colcon_core.package_identification:_identify(src) by extensions ['colcon_pkg']
[0.360s] Level 1:colcon.colcon_core.package_identification:_identify(src) by extension 'colcon_pkg'
[0.360s] Level 1:colcon.colcon_core.package_identification:_identify(src) by extensions ['colcon_meta']
[0.360s] Level 1:colcon.colcon_core.package_identification:_identify(src) by extension 'colcon_meta'
[0.360s] Level 1:colcon.colcon_core.package_identification:_identify(src) by extensions ['ros']
[0.361s] Level 1:colcon.colcon_core.package_identification:_identify(src) by extension 'ros'
[0.361s] Level 1:colcon.colcon_core.package_identification:_identify(src) by extensions ['cmake', 'python']
[0.361s] Level 1:colcon.colcon_core.package_identification:_identify(src) by extension 'cmake'
[0.361s] Level 1:colcon.colcon_core.package_identification:_identify(src) by extension 'python'
[0.361s] Level 1:colcon.colcon_core.package_identification:_identify(src) by extensions ['python_setup_py']
[0.361s] Level 1:colcon.colcon_core.package_identification:_identify(src) by extension 'python_setup_py'
[0.361s] Level 1:colcon.colcon_core.package_identification:_identify(src/model_pkg) by extensions ['ignore', 'ignore_ament_install']
[0.361s] Level 1:colcon.colcon_core.package_identification:_identify(src/model_pkg) by extension 'ignore'
[0.361s] Level 1:colcon.colcon_core.package_identification:_identify(src/model_pkg) by extension 'ignore_ament_install'
[0.361s] Level 1:colcon.colcon_core.package_identification:_identify(src/model_pkg) by extensions ['colcon_pkg']
[0.361s] Level 1:colcon.colcon_core.package_identification:_identify(src/model_pkg) by extension 'colcon_pkg'
[0.361s] Level 1:colcon.colcon_core.package_identification:_identify(src/model_pkg) by extensions ['colcon_meta']
[0.361s] Level 1:colcon.colcon_core.package_identification:_identify(src/model_pkg) by extension 'colcon_meta'
[0.361s] Level 1:colcon.colcon_core.package_identification:_identify(src/model_pkg) by extensions ['ros']
[0.361s] Level 1:colcon.colcon_core.package_identification:_identify(src/model_pkg) by extension 'ros'
[0.364s] DEBUG:colcon.colcon_core.package_identification:Package 'src/model_pkg' with type 'ros.ament_cmake' and name 'model_pkg'
[0.364s] Level 1:colcon.colcon_core.package_discovery:discover_packages(recursive) using defaults
[0.364s] Level 1:colcon.colcon_core.package_discovery:discover_packages(ignore) discover
[0.364s] Level 1:colcon.colcon_core.package_discovery:discover_packages(ignore) using defaults
[0.364s] Level 1:colcon.colcon_core.package_discovery:discover_packages(path) discover
[0.365s] Level 1:colcon.colcon_core.package_discovery:discover_packages(path) using defaults
[0.402s] Level 1:colcon.colcon_core.package_discovery:discover_packages(prefix_path) check parameters
[0.402s] Level 1:colcon.colcon_core.package_discovery:discover_packages(prefix_path) discover
[0.404s] DEBUG:colcon.colcon_installed_package_information.package_discovery:Found 1 installed packages in /home/govind/abhiyaan/gazebo_ws/install
[0.404s] DEBUG:colcon.colcon_installed_package_information.package_discovery:Found 1 installed packages in /home/govind/abhiyaan/gazebo_model/install
[0.405s] DEBUG:colcon.colcon_installed_package_information.package_discovery:Found 1 installed packages in /home/govind/abhiyaan/yoogi/autobot-master/install
[0.407s] DEBUG:colcon.colcon_installed_package_information.package_discovery:Found 421 installed packages in /opt/ros/humble
[0.410s] Level 1:colcon.colcon_core.package_discovery:discover_packages(prefix_path) using defaults
[0.468s] Level 5:colcon.colcon_core.verb:set package 'model_pkg' build argument 'cmake_args' from command line to 'None'
[0.468s] Level 5:colcon.colcon_core.verb:set package 'model_pkg' build argument 'cmake_target' from command line to 'None'
[0.468s] Level 5:colcon.colcon_core.verb:set package 'model_pkg' build argument 'cmake_target_skip_unavailable' from command line to 'False'
[0.468s] Level 5:colcon.colcon_core.verb:set package 'model_pkg' build argument 'cmake_clean_cache' from command line to 'False'
[0.468s] Level 5:colcon.colcon_core.verb:set package 'model_pkg' build argument 'cmake_clean_first' from command line to 'False'
[0.468s] Level 5:colcon.colcon_core.verb:set package 'model_pkg' build argument 'cmake_force_configure' from command line to 'False'
[0.468s] Level 5:colcon.colcon_core.verb:set package 'model_pkg' build argument 'ament_cmake_args' from command line to 'None'
[0.468s] Level 5:colcon.colcon_core.verb:set package 'model_pkg' build argument 'catkin_cmake_args' from command line to 'None'
[0.468s] Level 5:colcon.colcon_core.verb:set package 'model_pkg' build argument 'catkin_skip_building_tests' from command line to 'False'
[0.469s] DEBUG:colcon.colcon_core.verb:Building package 'model_pkg' with the following arguments: {'ament_cmake_args': None, 'build_base': '/home/govind/abhiyaan/gazebo_ws/build/model_pkg', 'catkin_cmake_args': None, 'catkin_skip_building_tests': False, 'cmake_args': None, 'cmake_clean_cache': False, 'cmake_clean_first': False, 'cmake_force_configure': False, 'cmake_target': None, 'cmake_target_skip_unavailable': False, 'install_base': '/home/govind/abhiyaan/gazebo_ws/install/model_pkg', 'merge_install': False, 'path': '/home/govind/abhiyaan/gazebo_ws/src/model_pkg', 'symlink_install': False, 'test_result_base': None}
[0.469s] INFO:colcon.colcon_core.executor:Executing jobs using 'parallel' executor
[0.470s] DEBUG:colcon.colcon_parallel_executor.executor.parallel:run_until_complete
[0.470s] INFO:colcon.colcon_ros.task.ament_cmake.build:Building ROS package in '/home/govind/abhiyaan/gazebo_ws/src/model_pkg' with build type 'ament_cmake'
[0.470s] INFO:colcon.colcon_cmake.task.cmake.build:Building CMake package in '/home/govind/abhiyaan/gazebo_ws/src/model_pkg'
[0.473s] INFO:colcon.colcon_core.plugin_system:Skipping extension 'colcon_core.shell.bat': Not used on non-Windows systems
[0.473s] INFO:colcon.colcon_core.shell:Skip shell extension 'powershell' for command environment: Not usable outside of PowerShell
[0.473s] DEBUG:colcon.colcon_core.shell:Skip shell extension 'dsv' for command environment
[0.490s] DEBUG:colcon.colcon_core.event_handler.log_command:Invoking command in '/home/govind/abhiyaan/gazebo_ws/build/model_pkg': CMAKE_PREFIX_PATH=${CMAKE_PREFIX_PATH}:/home/govind/abhiyaan/yoogi/autobot-master/install/basic_robot:/opt/ros/humble /usr/bin/cmake --build /home/govind/abhiyaan/gazebo_ws/build/model_pkg -- -j8 -l8
[0.572s] DEBUG:colcon.colcon_core.event_handler.log_command:Invoked command in '/home/govind/abhiyaan/gazebo_ws/build/model_pkg' returned '0': CMAKE_PREFIX_PATH=${CMAKE_PREFIX_PATH}:/home/govind/abhiyaan/yoogi/autobot-master/install/basic_robot:/opt/ros/humble /usr/bin/cmake --build /home/govind/abhiyaan/gazebo_ws/build/model_pkg -- -j8 -l8
[0.655s] DEBUG:colcon.colcon_core.event_handler.log_command:Invoking command in '/home/govind/abhiyaan/gazebo_ws/build/model_pkg': CMAKE_PREFIX_PATH=${CMAKE_PREFIX_PATH}:/home/govind/abhiyaan/yoogi/autobot-master/install/basic_robot:/opt/ros/humble /usr/bin/cmake --install /home/govind/abhiyaan/gazebo_ws/build/model_pkg
[0.683s] Level 1:colcon.colcon_core.environment:create_environment_scripts_only(model_pkg)
[0.684s] DEBUG:colcon.colcon_core.event_handler.log_command:Invoked command in '/home/govind/abhiyaan/gazebo_ws/build/model_pkg' returned '0': CMAKE_PREFIX_PATH=${CMAKE_PREFIX_PATH}:/home/govind/abhiyaan/yoogi/autobot-master/install/basic_robot:/opt/ros/humble /usr/bin/cmake --install /home/govind/abhiyaan/gazebo_ws/build/model_pkg
[0.689s] Level 1:colcon.colcon_core.environment:checking '/home/govind/abhiyaan/gazebo_ws/install/model_pkg' for CMake module files
[0.690s] Level 1:colcon.colcon_core.environment:checking '/home/govind/abhiyaan/gazebo_ws/install/model_pkg' for CMake config files
[0.691s] Level 1:colcon.colcon_core.shell:create_environment_hook('model_pkg', 'cmake_prefix_path')
[0.692s] INFO:colcon.colcon_core.shell:Creating environment hook '/home/govind/abhiyaan/gazebo_ws/install/model_pkg/share/model_pkg/hook/cmake_prefix_path.ps1'
[0.693s] INFO:colcon.colcon_core.shell:Creating environment descriptor '/home/govind/abhiyaan/gazebo_ws/install/model_pkg/share/model_pkg/hook/cmake_prefix_path.dsv'
[0.694s] INFO:colcon.colcon_core.shell:Creating environment hook '/home/govind/abhiyaan/gazebo_ws/install/model_pkg/share/model_pkg/hook/cmake_prefix_path.sh'
[0.697s] Level 1:colcon.colcon_core.environment:checking '/home/govind/abhiyaan/gazebo_ws/install/model_pkg/bin'
[0.697s] Level 1:colcon.colcon_core.environment:checking '/home/govind/abhiyaan/gazebo_ws/install/model_pkg/lib/pkgconfig/model_pkg.pc'
[0.697s] Level 1:colcon.colcon_core.environment:checking '/home/govind/abhiyaan/gazebo_ws/install/model_pkg/lib/python3.10/site-packages'
[0.698s] Level 1:colcon.colcon_core.environment:checking '/home/govind/abhiyaan/gazebo_ws/install/model_pkg/bin'
[0.699s] INFO:colcon.colcon_core.shell:Creating package script '/home/govind/abhiyaan/gazebo_ws/install/model_pkg/share/model_pkg/package.ps1'
[0.701s] INFO:colcon.colcon_core.shell:Creating package descriptor '/home/govind/abhiyaan/gazebo_ws/install/model_pkg/share/model_pkg/package.dsv'
[0.702s] INFO:colcon.colcon_core.shell:Creating package script '/home/govind/abhiyaan/gazebo_ws/install/model_pkg/share/model_pkg/package.sh'
[0.704s] INFO:colcon.colcon_core.shell:Creating package script '/home/govind/abhiyaan/gazebo_ws/install/model_pkg/share/model_pkg/package.bash'
[0.705s] INFO:colcon.colcon_core.shell:Creating package script '/home/govind/abhiyaan/gazebo_ws/install/model_pkg/share/model_pkg/package.zsh'
[0.707s] Level 1:colcon.colcon_core.environment:create_file_with_runtime_dependencies(/home/govind/abhiyaan/gazebo_ws/install/model_pkg/share/colcon-core/packages/model_pkg)
[0.749s] Level 1:colcon.colcon_core.environment:create_environment_scripts_only(model_pkg)
[0.749s] Level 1:colcon.colcon_core.environment:checking '/home/govind/abhiyaan/gazebo_ws/install/model_pkg' for CMake module files
[0.750s] Level 1:colcon.colcon_core.environment:checking '/home/govind/abhiyaan/gazebo_ws/install/model_pkg' for CMake config files
[0.750s] Level 1:colcon.colcon_core.shell:create_environment_hook('model_pkg', 'cmake_prefix_path')
[0.751s] INFO:colcon.colcon_core.shell:Creating environment hook '/home/govind/abhiyaan/gazebo_ws/install/model_pkg/share/model_pkg/hook/cmake_prefix_path.ps1'
[0.751s] INFO:colcon.colcon_core.shell:Creating environment descriptor '/home/govind/abhiyaan/gazebo_ws/install/model_pkg/share/model_pkg/hook/cmake_prefix_path.dsv'
[0.752s] INFO:colcon.colcon_core.shell:Creating environment hook '/home/govind/abhiyaan/gazebo_ws/install/model_pkg/share/model_pkg/hook/cmake_prefix_path.sh'
[0.753s] Level 1:colcon.colcon_core.environment:checking '/home/govind/abhiyaan/gazebo_ws/install/model_pkg/bin'
[0.753s] Level 1:colcon.colcon_core.environment:checking '/home/govind/abhiyaan/gazebo_ws/install/model_pkg/lib/pkgconfig/model_pkg.pc'
[0.753s] Level 1:colcon.colcon_core.environment:checking '/home/govind/abhiyaan/gazebo_ws/install/model_pkg/lib/python3.10/site-packages'
[0.754s] Level 1:colcon.colcon_core.environment:checking '/home/govind/abhiyaan/gazebo_ws/install/model_pkg/bin'
[0.754s] INFO:colcon.colcon_core.shell:Creating package script '/home/govind/abhiyaan/gazebo_ws/install/model_pkg/share/model_pkg/package.ps1'
[0.755s] INFO:colcon.colcon_core.shell:Creating package descriptor '/home/govind/abhiyaan/gazebo_ws/install/model_pkg/share/model_pkg/package.dsv'
[0.756s] INFO:colcon.colcon_core.shell:Creating package script '/home/govind/abhiyaan/gazebo_ws/install/model_pkg/share/model_pkg/package.sh'
[0.756s] INFO:colcon.colcon_core.shell:Creating package script '/home/govind/abhiyaan/gazebo_ws/install/model_pkg/share/model_pkg/package.bash'
[0.757s] INFO:colcon.colcon_core.shell:Creating package script '/home/govind/abhiyaan/gazebo_ws/install/model_pkg/share/model_pkg/package.zsh'
[0.757s] Level 1:colcon.colcon_core.environment:create_file_with_runtime_dependencies(/home/govind/abhiyaan/gazebo_ws/install/model_pkg/share/colcon-core/packages/model_pkg)
[0.758s] DEBUG:colcon.colcon_parallel_executor.executor.parallel:closing loop
[0.758s] DEBUG:colcon.colcon_parallel_executor.executor.parallel:loop closed
[0.758s] DEBUG:colcon.colcon_parallel_executor.executor.parallel:run_until_complete finished with '0'
[0.759s] DEBUG:colcon.colcon_core.event_reactor:joining thread
[0.772s] INFO:colcon.colcon_core.plugin_system:Skipping extension 'colcon_notification.desktop_notification.terminal_notifier': Not used on non-Darwin systems
[0.772s] INFO:colcon.colcon_core.plugin_system:Skipping extension 'colcon_notification.desktop_notification.win32': Not used on non-Windows systems
[0.772s] INFO:colcon.colcon_notification.desktop_notification:Sending desktop notification using 'notify2'
[0.791s] DEBUG:colcon.colcon_core.event_reactor:joined thread
[0.791s] INFO:colcon.colcon_core.shell:Creating prefix script '/home/govind/abhiyaan/gazebo_ws/install/local_setup.ps1'
[0.793s] INFO:colcon.colcon_core.shell:Creating prefix util module '/home/govind/abhiyaan/gazebo_ws/install/_local_setup_util_ps1.py'
[0.797s] INFO:colcon.colcon_core.shell:Creating prefix chain script '/home/govind/abhiyaan/gazebo_ws/install/setup.ps1'
[0.799s] INFO:colcon.colcon_core.shell:Creating prefix script '/home/govind/abhiyaan/gazebo_ws/install/local_setup.sh'
[0.800s] INFO:colcon.colcon_core.shell:Creating prefix util module '/home/govind/abhiyaan/gazebo_ws/install/_local_setup_util_sh.py'
[0.801s] INFO:colcon.colcon_core.shell:Creating prefix chain script '/home/govind/abhiyaan/gazebo_ws/install/setup.sh'
[0.803s] INFO:colcon.colcon_core.shell:Creating prefix script '/home/govind/abhiyaan/gazebo_ws/install/local_setup.bash'
[0.804s] INFO:colcon.colcon_core.shell:Creating prefix chain script '/home/govind/abhiyaan/gazebo_ws/install/setup.bash'
[0.806s] INFO:colcon.colcon_core.shell:Creating prefix script '/home/govind/abhiyaan/gazebo_ws/install/local_setup.zsh'
[0.807s] INFO:colcon.colcon_core.shell:Creating prefix chain script '/home/govind/abhiyaan/gazebo_ws/install/setup.zsh'
