[0.123s] DEBUG:colcon:Command line arguments: ['/usr/bin/colcon', 'build']
[0.123s] DEBUG:colcon:Parsed command line arguments: Namespace(log_base=None, log_level=None, verb_name='build', build_base='build', install_base='install', merge_install=False, symlink_install=False, test_result_base=None, continue_on_error=False, executor='parallel', parallel_workers=8, event_handlers=None, ignore_user_meta=False, metas=['./colcon.meta'], base_paths=['.'], packages_ignore=None, packages_ignore_regex=None, paths=None, packages_up_to=None, packages_up_to_regex=None, packages_above=None, packages_above_and_dependencies=None, packages_above_depth=None, packages_select_by_dep=None, packages_skip_by_dep=None, packages_skip_up_to=None, packages_select_build_failed=False, packages_skip_build_finished=False, packages_select_test_failures=False, packages_skip_test_passed=False, packages_select=None, packages_skip=None, packages_select_regex=None, packages_skip_regex=None, packages_start=None, packages_end=None, allow_overriding=[], cmake_args=None, cmake_target=None, cmake_target_skip_unavailable=False, cmake_clean_cache=False, cmake_clean_first=False, cmake_force_configure=False, ament_cmake_args=None, catkin_cmake_args=None, catkin_skip_building_tests=False, verb_parser=<colcon_defaults.argument_parser.defaults.DefaultArgumentsDecorator object at 0x7511abd424d0>, verb_extension=<colcon_core.verb.build.BuildVerb object at 0x7511abe2b0d0>, main=<bound method BuildVerb.main of <colcon_core.verb.build.BuildVerb object at 0x7511abe2b0d0>>)
[0.345s] Level 1:colcon.colcon_core.package_discovery:discover_packages(colcon_meta) check parameters
[0.345s] Level 1:colcon.colcon_core.package_discovery:discover_packages(recursive) check parameters
[0.345s] Level 1:colcon.colcon_core.package_discovery:discover_packages(ignore) check parameters
[0.345s] Level 1:colcon.colcon_core.package_discovery:discover_packages(path) check parameters
[0.345s] Level 1:colcon.colcon_core.package_discovery:discover_packages(colcon_meta) discover
[0.345s] Level 1:colcon.colcon_core.package_discovery:discover_packages(recursive) discover
[0.345s] INFO:colcon.colcon_core.package_discovery:Crawling recursively for packages in '/home/govind/abhiyaan/gazebo_ws'
[0.345s] Level 1:colcon.colcon_core.package_identification:_identify(.) by extensions ['ignore', 'ignore_ament_install']
[0.345s] Level 1:colcon.colcon_core.package_identification:_identify(.) by extension 'ignore'
[0.345s] Level 1:colcon.colcon_core.package_identification:_identify(.) by extension 'ignore_ament_install'
[0.346s] Level 1:colcon.colcon_core.package_identification:_identify(.) by extensions ['colcon_pkg']
[0.346s] Level 1:colcon.colcon_core.package_identification:_identify(.) by extension 'colcon_pkg'
[0.346s] Level 1:colcon.colcon_core.package_identification:_identify(.) by extensions ['colcon_meta']
[0.346s] Level 1:colcon.colcon_core.package_identification:_identify(.) by extension 'colcon_meta'
[0.346s] Level 1:colcon.colcon_core.package_identification:_identify(.) by extensions ['ros']
[0.346s] Level 1:colcon.colcon_core.package_identification:_identify(.) by extension 'ros'
[0.358s] Level 1:colcon.colcon_core.package_identification:_identify(.) by extensions ['cmake', 'python']
[0.358s] Level 1:colcon.colcon_core.package_identification:_identify(.) by extension 'cmake'
[0.358s] Level 1:colcon.colcon_core.package_identification:_identify(.) by extension 'python'
[0.358s] Level 1:colcon.colcon_core.package_identification:_identify(.) by extensions ['python_setup_py']
[0.358s] Level 1:colcon.colcon_core.package_identification:_identify(.) by extension 'python_setup_py'
[0.358s] Level 1:colcon.colcon_core.package_identification:_identify(build) by extensions ['ignore', 'ignore_ament_install']
[0.358s] Level 1:colcon.colcon_core.package_identification:_identify(build) by extension 'ignore'
[0.359s] Level 1:colcon.colcon_core.package_identification:_identify(build) ignored
[0.359s] Level 1:colcon.colcon_core.package_identification:_identify(install) by extensions ['ignore', 'ignore_ament_install']
[0.359s] Level 1:colcon.colcon_core.package_identification:_identify(install) by extension 'ignore'
[0.359s] Level 1:colcon.colcon_core.package_identification:_identify(install) ignored
[0.359s] Level 1:colcon.colcon_core.package_identification:_identify(log) by extensions ['ignore', 'ignore_ament_install']
[0.359s] Level 1:colcon.colcon_core.package_identification:_identify(log) by extension 'ignore'
[0.359s] Level 1:colcon.colcon_core.package_identification:_identify(log) ignored
[0.359s] Level 1:colcon.colcon_core.package_identification:_identify(src) by extensions ['ignore', 'ignore_ament_install']
[0.359s] Level 1:colcon.colcon_core.package_identification:_identify(src) by extension 'ignore'
[0.359s] Level 1:colcon.colcon_core.package_identification:_identify(src) by extension 'ignore_ament_install'
[0.359s] Level 1:colcon.colcon_core.package_identification:_identify(src) by extensions ['colcon_pkg']
[0.359s] Level 1:colcon.colcon_core.package_identification:_identify(src) by extension 'colcon_pkg'
[0.359s] Level 1:colcon.colcon_core.package_identification:_identify(src) by extensions ['colcon_meta']
[0.360s] Level 1:colcon.colcon_core.package_identification:_identify(src) by extension 'colcon_meta'
[0.360s] Level 1:colcon.colcon_core.package_identification:_identify(src) by extensions ['ros']
[0.360s] Level 1:colcon.colcon_core.package_identification:_identify(src) by extension 'ros'
[0.360s] Level 1:colcon.colcon_core.package_identification:_identify(src) by extensions ['cmake', 'python']
[0.360s] Level 1:colcon.colcon_core.package_identification:_identify(src) by extension 'cmake'
[0.360s] Level 1:colcon.colcon_core.package_identification:_identify(src) by extension 'python'
[0.360s] Level 1:colcon.colcon_core.package_identification:_identify(src) by extensions ['python_setup_py']
[0.360s] Level 1:colcon.colcon_core.package_identification:_identify(src) by extension 'python_setup_py'
[0.360s] Level 1:colcon.colcon_core.package_identification:_identify(src/model_pkg) by extensions ['ignore', 'ignore_ament_install']
[0.360s] Level 1:colcon.colcon_core.package_identification:_identify(src/model_pkg) by extension 'ignore'
[0.360s] Level 1:colcon.colcon_core.package_identification:_identify(src/model_pkg) by extension 'ignore_ament_install'
[0.360s] Level 1:colcon.colcon_core.package_identification:_identify(src/model_pkg) by extensions ['colcon_pkg']
[0.360s] Level 1:colcon.colcon_core.package_identification:_identify(src/model_pkg) by extension 'colcon_pkg'
[0.360s] Level 1:colcon.colcon_core.package_identification:_identify(src/model_pkg) by extensions ['colcon_meta']
[0.360s] Level 1:colcon.colcon_core.package_identification:_identify(src/model_pkg) by extension 'colcon_meta'
[0.360s] Level 1:colcon.colcon_core.package_identification:_identify(src/model_pkg) by extensions ['ros']
[0.360s] Level 1:colcon.colcon_core.package_identification:_identify(src/model_pkg) by extension 'ros'
[0.363s] DEBUG:colcon.colcon_core.package_identification:Package 'src/model_pkg' with type 'ros.ament_cmake' and name 'model_pkg'
[0.363s] Level 1:colcon.colcon_core.package_discovery:discover_packages(recursive) using defaults
[0.363s] Level 1:colcon.colcon_core.package_discovery:discover_packages(ignore) discover
[0.363s] Level 1:colcon.colcon_core.package_discovery:discover_packages(ignore) using defaults
[0.363s] Level 1:colcon.colcon_core.package_discovery:discover_packages(path) discover
[0.363s] Level 1:colcon.colcon_core.package_discovery:discover_packages(path) using defaults
[0.402s] Level 1:colcon.colcon_core.package_discovery:discover_packages(prefix_path) check parameters
[0.403s] Level 1:colcon.colcon_core.package_discovery:discover_packages(prefix_path) discover
[0.404s] DEBUG:colcon.colcon_installed_package_information.package_discovery:Found 1 installed packages in /home/govind/abhiyaan/gazebo_model/install
[0.405s] DEBUG:colcon.colcon_installed_package_information.package_discovery:Found 1 installed packages in /home/govind/abhiyaan/yoogi/autobot-master/install
[0.407s] DEBUG:colcon.colcon_installed_package_information.package_discovery:Found 421 installed packages in /opt/ros/humble
[0.409s] Level 1:colcon.colcon_core.package_discovery:discover_packages(prefix_path) using defaults
[0.470s] Level 5:colcon.colcon_core.verb:set package 'model_pkg' build argument 'cmake_args' from command line to 'None'
[0.470s] Level 5:colcon.colcon_core.verb:set package 'model_pkg' build argument 'cmake_target' from command line to 'None'
[0.470s] Level 5:colcon.colcon_core.verb:set package 'model_pkg' build argument 'cmake_target_skip_unavailable' from command line to 'False'
[0.470s] Level 5:colcon.colcon_core.verb:set package 'model_pkg' build argument 'cmake_clean_cache' from command line to 'False'
[0.470s] Level 5:colcon.colcon_core.verb:set package 'model_pkg' build argument 'cmake_clean_first' from command line to 'False'
[0.470s] Level 5:colcon.colcon_core.verb:set package 'model_pkg' build argument 'cmake_force_configure' from command line to 'False'
[0.470s] Level 5:colcon.colcon_core.verb:set package 'model_pkg' build argument 'ament_cmake_args' from command line to 'None'
[0.470s] Level 5:colcon.colcon_core.verb:set package 'model_pkg' build argument 'catkin_cmake_args' from command line to 'None'
[0.470s] Level 5:colcon.colcon_core.verb:set package 'model_pkg' build argument 'catkin_skip_building_tests' from command line to 'False'
[0.470s] DEBUG:colcon.colcon_core.verb:Building package 'model_pkg' with the following arguments: {'ament_cmake_args': None, 'build_base': '/home/govind/abhiyaan/gazebo_ws/build/model_pkg', 'catkin_cmake_args': None, 'catkin_skip_building_tests': False, 'cmake_args': None, 'cmake_clean_cache': False, 'cmake_clean_first': False, 'cmake_force_configure': False, 'cmake_target': None, 'cmake_target_skip_unavailable': False, 'install_base': '/home/govind/abhiyaan/gazebo_ws/install/model_pkg', 'merge_install': False, 'path': '/home/govind/abhiyaan/gazebo_ws/src/model_pkg', 'symlink_install': False, 'test_result_base': None}
[0.471s] INFO:colcon.colcon_core.executor:Executing jobs using 'parallel' executor
[0.472s] DEBUG:colcon.colcon_parallel_executor.executor.parallel:run_until_complete
[0.472s] INFO:colcon.colcon_ros.task.ament_cmake.build:Building ROS package in '/home/govind/abhiyaan/gazebo_ws/src/model_pkg' with build type 'ament_cmake'
[0.472s] INFO:colcon.colcon_cmake.task.cmake.build:Building CMake package in '/home/govind/abhiyaan/gazebo_ws/src/model_pkg'
[0.475s] INFO:colcon.colcon_core.plugin_system:Skipping extension 'colcon_core.shell.bat': Not used on non-Windows systems
[0.475s] INFO:colcon.colcon_core.shell:Skip shell extension 'powershell' for command environment: Not usable outside of PowerShell
[0.475s] DEBUG:colcon.colcon_core.shell:Skip shell extension 'dsv' for command environment
[0.489s] DEBUG:colcon.colcon_core.event_handler.log_command:Invoking command in '/home/govind/abhiyaan/gazebo_ws/build/model_pkg': CMAKE_PREFIX_PATH=${CMAKE_PREFIX_PATH}:/home/govind/abhiyaan/yoogi/autobot-master/install/basic_robot:/opt/ros/humble /usr/bin/cmake /home/govind/abhiyaan/gazebo_ws/src/model_pkg -DCMAKE_INSTALL_PREFIX=/home/govind/abhiyaan/gazebo_ws/install/model_pkg
[1.793s] DEBUG:colcon.colcon_core.event_handler.log_command:Invoked command in '/home/govind/abhiyaan/gazebo_ws/build/model_pkg' returned '0': CMAKE_PREFIX_PATH=${CMAKE_PREFIX_PATH}:/home/govind/abhiyaan/yoogi/autobot-master/install/basic_robot:/opt/ros/humble /usr/bin/cmake /home/govind/abhiyaan/gazebo_ws/src/model_pkg -DCMAKE_INSTALL_PREFIX=/home/govind/abhiyaan/gazebo_ws/install/model_pkg
[1.796s] DEBUG:colcon.colcon_core.event_handler.log_command:Invoking command in '/home/govind/abhiyaan/gazebo_ws/build/model_pkg': CMAKE_PREFIX_PATH=${CMAKE_PREFIX_PATH}:/home/govind/abhiyaan/yoogi/autobot-master/install/basic_robot:/opt/ros/humble /usr/bin/cmake --build /home/govind/abhiyaan/gazebo_ws/build/model_pkg -- -j8 -l8
[1.908s] DEBUG:colcon.colcon_core.event_handler.log_command:Invoked command in '/home/govind/abhiyaan/gazebo_ws/build/model_pkg' returned '0': CMAKE_PREFIX_PATH=${CMAKE_PREFIX_PATH}:/home/govind/abhiyaan/yoogi/autobot-master/install/basic_robot:/opt/ros/humble /usr/bin/cmake --build /home/govind/abhiyaan/gazebo_ws/build/model_pkg -- -j8 -l8
[2.001s] DEBUG:colcon.colcon_core.event_handler.log_command:Invoking command in '/home/govind/abhiyaan/gazebo_ws/build/model_pkg': CMAKE_PREFIX_PATH=${CMAKE_PREFIX_PATH}:/home/govind/abhiyaan/yoogi/autobot-master/install/basic_robot:/opt/ros/humble /usr/bin/cmake --install /home/govind/abhiyaan/gazebo_ws/build/model_pkg
[2.045s] Level 1:colcon.colcon_core.environment:create_environment_scripts_only(model_pkg)
[2.045s] DEBUG:colcon.colcon_core.event_handler.log_command:Invoked command in '/home/govind/abhiyaan/gazebo_ws/build/model_pkg' returned '0': CMAKE_PREFIX_PATH=${CMAKE_PREFIX_PATH}:/home/govind/abhiyaan/yoogi/autobot-master/install/basic_robot:/opt/ros/humble /usr/bin/cmake --install /home/govind/abhiyaan/gazebo_ws/build/model_pkg
[2.049s] Level 1:colcon.colcon_core.environment:checking '/home/govind/abhiyaan/gazebo_ws/install/model_pkg' for CMake module files
[2.049s] Level 1:colcon.colcon_core.environment:checking '/home/govind/abhiyaan/gazebo_ws/install/model_pkg' for CMake config files
[2.050s] Level 1:colcon.colcon_core.shell:create_environment_hook('model_pkg', 'cmake_prefix_path')
[2.050s] INFO:colcon.colcon_core.shell:Creating environment hook '/home/govind/abhiyaan/gazebo_ws/install/model_pkg/share/model_pkg/hook/cmake_prefix_path.ps1'
[2.051s] INFO:colcon.colcon_core.shell:Creating environment descriptor '/home/govind/abhiyaan/gazebo_ws/install/model_pkg/share/model_pkg/hook/cmake_prefix_path.dsv'
[2.052s] INFO:colcon.colcon_core.shell:Creating environment hook '/home/govind/abhiyaan/gazebo_ws/install/model_pkg/share/model_pkg/hook/cmake_prefix_path.sh'
[2.053s] Level 1:colcon.colcon_core.environment:checking '/home/govind/abhiyaan/gazebo_ws/install/model_pkg/bin'
[2.053s] Level 1:colcon.colcon_core.environment:checking '/home/govind/abhiyaan/gazebo_ws/install/model_pkg/lib/pkgconfig/model_pkg.pc'
[2.053s] Level 1:colcon.colcon_core.environment:checking '/home/govind/abhiyaan/gazebo_ws/install/model_pkg/lib/python3.10/site-packages'
[2.053s] Level 1:colcon.colcon_core.environment:checking '/home/govind/abhiyaan/gazebo_ws/install/model_pkg/bin'
[2.054s] INFO:colcon.colcon_core.shell:Creating package script '/home/govind/abhiyaan/gazebo_ws/install/model_pkg/share/model_pkg/package.ps1'
[2.055s] INFO:colcon.colcon_core.shell:Creating package descriptor '/home/govind/abhiyaan/gazebo_ws/install/model_pkg/share/model_pkg/package.dsv'
[2.056s] INFO:colcon.colcon_core.shell:Creating package script '/home/govind/abhiyaan/gazebo_ws/install/model_pkg/share/model_pkg/package.sh'
[2.057s] INFO:colcon.colcon_core.shell:Creating package script '/home/govind/abhiyaan/gazebo_ws/install/model_pkg/share/model_pkg/package.bash'
[2.057s] INFO:colcon.colcon_core.shell:Creating package script '/home/govind/abhiyaan/gazebo_ws/install/model_pkg/share/model_pkg/package.zsh'
[2.058s] Level 1:colcon.colcon_core.environment:create_file_with_runtime_dependencies(/home/govind/abhiyaan/gazebo_ws/install/model_pkg/share/colcon-core/packages/model_pkg)
[2.113s] Level 1:colcon.colcon_core.environment:create_environment_scripts_only(model_pkg)
[2.113s] Level 1:colcon.colcon_core.environment:checking '/home/govind/abhiyaan/gazebo_ws/install/model_pkg' for CMake module files
[2.114s] Level 1:colcon.colcon_core.environment:checking '/home/govind/abhiyaan/gazebo_ws/install/model_pkg' for CMake config files
[2.114s] Level 1:colcon.colcon_core.shell:create_environment_hook('model_pkg', 'cmake_prefix_path')
[2.115s] INFO:colcon.colcon_core.shell:Creating environment hook '/home/govind/abhiyaan/gazebo_ws/install/model_pkg/share/model_pkg/hook/cmake_prefix_path.ps1'
[2.115s] INFO:colcon.colcon_core.shell:Creating environment descriptor '/home/govind/abhiyaan/gazebo_ws/install/model_pkg/share/model_pkg/hook/cmake_prefix_path.dsv'
[2.115s] INFO:colcon.colcon_core.shell:Creating environment hook '/home/govind/abhiyaan/gazebo_ws/install/model_pkg/share/model_pkg/hook/cmake_prefix_path.sh'
[2.116s] Level 1:colcon.colcon_core.environment:checking '/home/govind/abhiyaan/gazebo_ws/install/model_pkg/bin'
[2.116s] Level 1:colcon.colcon_core.environment:checking '/home/govind/abhiyaan/gazebo_ws/install/model_pkg/lib/pkgconfig/model_pkg.pc'
[2.117s] Level 1:colcon.colcon_core.environment:checking '/home/govind/abhiyaan/gazebo_ws/install/model_pkg/lib/python3.10/site-packages'
[2.117s] Level 1:colcon.colcon_core.environment:checking '/home/govind/abhiyaan/gazebo_ws/install/model_pkg/bin'
[2.117s] INFO:colcon.colcon_core.shell:Creating package script '/home/govind/abhiyaan/gazebo_ws/install/model_pkg/share/model_pkg/package.ps1'
[2.118s] INFO:colcon.colcon_core.shell:Creating package descriptor '/home/govind/abhiyaan/gazebo_ws/install/model_pkg/share/model_pkg/package.dsv'
[2.118s] INFO:colcon.colcon_core.shell:Creating package script '/home/govind/abhiyaan/gazebo_ws/install/model_pkg/share/model_pkg/package.sh'
[2.119s] INFO:colcon.colcon_core.shell:Creating package script '/home/govind/abhiyaan/gazebo_ws/install/model_pkg/share/model_pkg/package.bash'
[2.119s] INFO:colcon.colcon_core.shell:Creating package script '/home/govind/abhiyaan/gazebo_ws/install/model_pkg/share/model_pkg/package.zsh'
[2.120s] Level 1:colcon.colcon_core.environment:create_file_with_runtime_dependencies(/home/govind/abhiyaan/gazebo_ws/install/model_pkg/share/colcon-core/packages/model_pkg)
[2.120s] DEBUG:colcon.colcon_parallel_executor.executor.parallel:closing loop
[2.121s] DEBUG:colcon.colcon_parallel_executor.executor.parallel:loop closed
[2.121s] DEBUG:colcon.colcon_parallel_executor.executor.parallel:run_until_complete finished with '0'
[2.121s] DEBUG:colcon.colcon_core.event_reactor:joining thread
[2.130s] INFO:colcon.colcon_core.plugin_system:Skipping extension 'colcon_notification.desktop_notification.terminal_notifier': Not used on non-Darwin systems
[2.130s] INFO:colcon.colcon_core.plugin_system:Skipping extension 'colcon_notification.desktop_notification.win32': Not used on non-Windows systems
[2.130s] INFO:colcon.colcon_notification.desktop_notification:Sending desktop notification using 'notify2'
[2.154s] DEBUG:colcon.colcon_core.event_reactor:joined thread
[2.155s] INFO:colcon.colcon_core.shell:Creating prefix script '/home/govind/abhiyaan/gazebo_ws/install/local_setup.ps1'
[2.157s] INFO:colcon.colcon_core.shell:Creating prefix util module '/home/govind/abhiyaan/gazebo_ws/install/_local_setup_util_ps1.py'
[2.161s] INFO:colcon.colcon_core.shell:Creating prefix chain script '/home/govind/abhiyaan/gazebo_ws/install/setup.ps1'
[2.164s] INFO:colcon.colcon_core.shell:Creating prefix script '/home/govind/abhiyaan/gazebo_ws/install/local_setup.sh'
[2.165s] INFO:colcon.colcon_core.shell:Creating prefix util module '/home/govind/abhiyaan/gazebo_ws/install/_local_setup_util_sh.py'
[2.166s] INFO:colcon.colcon_core.shell:Creating prefix chain script '/home/govind/abhiyaan/gazebo_ws/install/setup.sh'
[2.169s] INFO:colcon.colcon_core.shell:Creating prefix script '/home/govind/abhiyaan/gazebo_ws/install/local_setup.bash'
[2.171s] INFO:colcon.colcon_core.shell:Creating prefix chain script '/home/govind/abhiyaan/gazebo_ws/install/setup.bash'
[2.174s] INFO:colcon.colcon_core.shell:Creating prefix script '/home/govind/abhiyaan/gazebo_ws/install/local_setup.zsh'
[2.175s] INFO:colcon.colcon_core.shell:Creating prefix chain script '/home/govind/abhiyaan/gazebo_ws/install/setup.zsh'
