[0.027s] Invoking command in '/home/govind/abhiyaan/gazebo_ws/build/model_pkg': CMAKE_PREFIX_PATH=${CMAKE_PREFIX_PATH}:/home/govind/abhiyaan/yoogi/autobot-master/install/basic_robot:/opt/ros/humble /usr/bin/cmake --build /home/govind/abhiyaan/gazebo_ws/build/model_pkg -- -j8 -l8
[0.149s] Invoked command in '/home/govind/abhiyaan/gazebo_ws/build/model_pkg' returned '0': CMAKE_PREFIX_PATH=${CMAKE_PREFIX_PATH}:/home/govind/abhiyaan/yoogi/autobot-master/install/basic_robot:/opt/ros/humble /usr/bin/cmake --build /home/govind/abhiyaan/gazebo_ws/build/model_pkg -- -j8 -l8
[0.232s] Invoking command in '/home/govind/abhiyaan/gazebo_ws/build/model_pkg': CMAKE_PREFIX_PATH=${CMAKE_PREFIX_PATH}:/home/govind/abhiyaan/yoogi/autobot-master/install/basic_robot:/opt/ros/humble /usr/bin/cmake --install /home/govind/abhiyaan/gazebo_ws/build/model_pkg
[0.248s] -- Install configuration: ""
[0.248s] -- Up-to-date: /home/govind/abhiyaan/gazebo_ws/install/model_pkg/share/model_pkg/launch
[0.249s] -- Up-to-date: /home/govind/abhiyaan/gazebo_ws/install/model_pkg/share/model_pkg/launch/model_launch.py
[0.249s] -- Up-to-date: /home/govind/abhiyaan/gazebo_ws/install/model_pkg/share/model_pkg/model
[0.249s] -- Installing: /home/govind/abhiyaan/gazebo_ws/install/model_pkg/share/model_pkg/model/robot.xacro
[0.250s] -- Up-to-date: /home/govind/abhiyaan/gazebo_ws/install/model_pkg/share/model_pkg/config
[0.250s] -- Up-to-date: /home/govind/abhiyaan/gazebo_ws/install/model_pkg/share/model_pkg/config/ekf.yaml
[0.250s] -- Up-to-date: /home/govind/abhiyaan/gazebo_ws/install/model_pkg/share/model_pkg/config/mapper_params_online_async.yaml
[0.251s] -- Up-to-date: /home/govind/abhiyaan/gazebo_ws/install/model_pkg/share/ament_index/resource_index/package_run_dependencies/model_pkg
[0.251s] -- Up-to-date: /home/govind/abhiyaan/gazebo_ws/install/model_pkg/share/ament_index/resource_index/parent_prefix_path/model_pkg
[0.251s] -- Up-to-date: /home/govind/abhiyaan/gazebo_ws/install/model_pkg/share/model_pkg/environment/ament_prefix_path.sh
[0.251s] -- Up-to-date: /home/govind/abhiyaan/gazebo_ws/install/model_pkg/share/model_pkg/environment/ament_prefix_path.dsv
[0.252s] -- Up-to-date: /home/govind/abhiyaan/gazebo_ws/install/model_pkg/share/model_pkg/environment/path.sh
[0.252s] -- Up-to-date: /home/govind/abhiyaan/gazebo_ws/install/model_pkg/share/model_pkg/environment/path.dsv
[0.252s] -- Up-to-date: /home/govind/abhiyaan/gazebo_ws/install/model_pkg/share/model_pkg/local_setup.bash
[0.252s] -- Up-to-date: /home/govind/abhiyaan/gazebo_ws/install/model_pkg/share/model_pkg/local_setup.sh
[0.253s] -- Up-to-date: /home/govind/abhiyaan/gazebo_ws/install/model_pkg/share/model_pkg/local_setup.zsh
[0.253s] -- Up-to-date: /home/govind/abhiyaan/gazebo_ws/install/model_pkg/share/model_pkg/local_setup.dsv
[0.253s] -- Installing: /home/govind/abhiyaan/gazebo_ws/install/model_pkg/share/model_pkg/package.dsv
[0.253s] -- Up-to-date: /home/govind/abhiyaan/gazebo_ws/install/model_pkg/share/ament_index/resource_index/packages/model_pkg
[0.253s] -- Up-to-date: /home/govind/abhiyaan/gazebo_ws/install/model_pkg/share/model_pkg/cmake/model_pkgConfig.cmake
[0.254s] -- Up-to-date: /home/govind/abhiyaan/gazebo_ws/install/model_pkg/share/model_pkg/cmake/model_pkgConfig-version.cmake
[0.254s] -- Up-to-date: /home/govind/abhiyaan/gazebo_ws/install/model_pkg/share/model_pkg/package.xml
[0.256s] Invoked command in '/home/govind/abhiyaan/gazebo_ws/build/model_pkg' returned '0': CMAKE_PREFIX_PATH=${CMAKE_PREFIX_PATH}:/home/govind/abhiyaan/yoogi/autobot-master/install/basic_robot:/opt/ros/humble /usr/bin/cmake --install /home/govind/abhiyaan/gazebo_ws/build/model_pkg
