[0.008s] Invoking command in '/home/govind/abhiyaan/gazebo_ws/build/model_pkg': CMAKE_PREFIX_PATH=/opt/ros/humble /usr/bin/cmake --build /home/govind/abhiyaan/gazebo_ws/build/model_pkg -- -j16 -l16
[0.029s] -- Found ament_cmake: 1.3.9 (/opt/ros/humble/share/ament_cmake/cmake)
[0.118s] -- Found ament_lint_auto: 0.12.11 (/opt/ros/humble/share/ament_lint_auto/cmake)
[0.171s] -- Added test 'flake8' to check Python code syntax and style conventions
[0.171s] -- Added test 'lint_cmake' to check CMake code style
[0.171s] -- Added test 'pep257' to check Python code against some of the docstring style conventions in PEP 257
[0.173s] -- Added test 'xmllint' to check XML markup files
[0.174s] -- Configuring done
[0.177s] -- Generating done
[0.178s] -- Build files have been written to: /home/govind/abhiyaan/gazebo_ws/build/model_pkg
[0.198s] Invoked command in '/home/govind/abhiyaan/gazebo_ws/build/model_pkg' returned '0': CMAKE_PREFIX_PATH=/opt/ros/humble /usr/bin/cmake --build /home/govind/abhiyaan/gazebo_ws/build/model_pkg -- -j16 -l16
[0.227s] Invoking command in '/home/govind/abhiyaan/gazebo_ws/build/model_pkg': CMAKE_PREFIX_PATH=/opt/ros/humble /usr/bin/cmake --install /home/govind/abhiyaan/gazebo_ws/build/model_pkg
[0.233s] -- Install configuration: ""
[0.233s] -- Up-to-date: /home/govind/abhiyaan/gazebo_ws/install/model_pkg/share/model_pkg/launch
[0.233s] -- Up-to-date: /home/govind/abhiyaan/gazebo_ws/install/model_pkg/share/model_pkg/launch/model_launch.py
[0.233s] -- Up-to-date: /home/govind/abhiyaan/gazebo_ws/install/model_pkg/share/model_pkg/model
[0.233s] -- Up-to-date: /home/govind/abhiyaan/gazebo_ws/install/model_pkg/share/model_pkg/model/world.world
[0.233s] -- Up-to-date: /home/govind/abhiyaan/gazebo_ws/install/model_pkg/share/model_pkg/model/world_simple.world
[0.233s] -- Up-to-date: /home/govind/abhiyaan/gazebo_ws/install/model_pkg/share/model_pkg/model/world_bak.world
[0.233s] -- Up-to-date: /home/govind/abhiyaan/gazebo_ws/install/model_pkg/share/model_pkg/model/robot.xacro
[0.233s] -- Up-to-date: /home/govind/abhiyaan/gazebo_ws/install/model_pkg/share/model_pkg/config
[0.233s] -- Up-to-date: /home/govind/abhiyaan/gazebo_ws/install/model_pkg/share/model_pkg/config/ekf.yaml
[0.233s] -- Up-to-date: /home/govind/abhiyaan/gazebo_ws/install/model_pkg/share/model_pkg/config/mapper_params_online_async.yaml
[0.233s] -- Up-to-date: /home/govind/abhiyaan/gazebo_ws/install/model_pkg/share/ament_index/resource_index/package_run_dependencies/model_pkg
[0.233s] -- Installing: /home/govind/abhiyaan/gazebo_ws/install/model_pkg/share/ament_index/resource_index/parent_prefix_path/model_pkg
[0.234s] -- Up-to-date: /home/govind/abhiyaan/gazebo_ws/install/model_pkg/share/model_pkg/environment/ament_prefix_path.sh
[0.234s] -- Installing: /home/govind/abhiyaan/gazebo_ws/install/model_pkg/share/model_pkg/environment/ament_prefix_path.dsv
[0.234s] -- Up-to-date: /home/govind/abhiyaan/gazebo_ws/install/model_pkg/share/model_pkg/environment/path.sh
[0.234s] -- Installing: /home/govind/abhiyaan/gazebo_ws/install/model_pkg/share/model_pkg/environment/path.dsv
[0.234s] -- Up-to-date: /home/govind/abhiyaan/gazebo_ws/install/model_pkg/share/model_pkg/local_setup.bash
[0.234s] -- Up-to-date: /home/govind/abhiyaan/gazebo_ws/install/model_pkg/share/model_pkg/local_setup.sh
[0.234s] -- Up-to-date: /home/govind/abhiyaan/gazebo_ws/install/model_pkg/share/model_pkg/local_setup.zsh
[0.234s] -- Installing: /home/govind/abhiyaan/gazebo_ws/install/model_pkg/share/model_pkg/local_setup.dsv
[0.234s] -- Installing: /home/govind/abhiyaan/gazebo_ws/install/model_pkg/share/model_pkg/package.dsv
[0.234s] -- Up-to-date: /home/govind/abhiyaan/gazebo_ws/install/model_pkg/share/ament_index/resource_index/packages/model_pkg
[0.234s] -- Up-to-date: /home/govind/abhiyaan/gazebo_ws/install/model_pkg/share/model_pkg/cmake/model_pkgConfig.cmake
[0.234s] -- Up-to-date: /home/govind/abhiyaan/gazebo_ws/install/model_pkg/share/model_pkg/cmake/model_pkgConfig-version.cmake
[0.234s] -- Up-to-date: /home/govind/abhiyaan/gazebo_ws/install/model_pkg/share/model_pkg/package.xml
[0.236s] Invoked command in '/home/govind/abhiyaan/gazebo_ws/build/model_pkg' returned '0': CMAKE_PREFIX_PATH=/opt/ros/humble /usr/bin/cmake --install /home/govind/abhiyaan/gazebo_ws/build/model_pkg
