[0.005s] Invoking command in '/home/govind/abhiyaan/gazebo_ws/build/model_pkg': /usr/bin/cmake /home/govind/abhiyaan/gazebo_ws/src/model_pkg -DCMAKE_INSTALL_PREFIX=/home/govind/abhiyaan/gazebo_ws/install/model_pkg
[0.104s] -- The C compiler identification is GNU 12.3.0
[0.168s] -- The CXX compiler identification is GNU 11.4.0
[0.174s] -- Detecting C compiler ABI info
[0.236s] -- Detecting C compiler ABI info - done
[0.240s] -- Check for working C compiler: /usr/bin/cc - skipped
[0.241s] -- Detecting C compile features
[0.241s] -- Detecting C compile features - done
[0.243s] -- Detecting CXX compiler ABI info
[0.310s] -- Detecting CXX compiler ABI info - done
[0.314s] -- Check for working CXX compiler: /usr/bin/c++ - skipped
[0.314s] -- Detecting CXX compile features
[0.314s] -- Detecting CXX compile features - done
[0.324s] [31mCMake Error at CMakeLists.txt:9 (find_package):
[0.324s]   By not providing "Findament_cmake.cmake" in CMAKE_MODULE_PATH this project
[0.324s]   has asked CMake to find a package configuration file provided by
[0.324s]   "ament_cmake", but CMake did not find one.
[0.324s] 
[0.324s]   Could not find a package configuration file provided by "ament_cmake" with
[0.324s]   any of the following names:
[0.324s] 
[0.324s]     ament_cmakeConfig.cmake
[0.324s]     ament_cmake-config.cmake
[0.324s] 
[0.324s]   Add the installation prefix of "ament_cmake" to CMAKE_PREFIX_PATH or set
[0.324s]   "ament_cmake_DIR" to a directory containing one of the above files.  If
[0.324s]   "ament_cmake" provides a separate development package or SDK, be sure it
[0.324s]   has been installed.
[0.324s] 
[0.324s] [0m
[0.324s] -- Configuring incomplete, errors occurred!
[0.324s] See also "/home/govind/abhiyaan/gazebo_ws/build/model_pkg/CMakeFiles/CMakeOutput.log".
[0.327s] Invoked command in '/home/govind/abhiyaan/gazebo_ws/build/model_pkg' returned '1': /usr/bin/cmake /home/govind/abhiyaan/gazebo_ws/src/model_pkg -DCMAKE_INSTALL_PREFIX=/home/govind/abhiyaan/gazebo_ws/install/model_pkg
