[0.060s] DEBUG:colcon:Command line arguments: ['/usr/bin/colcon', 'build', '--packages-select', 'lane_follower']
[0.060s] DEBUG:colcon:Parsed command line arguments: Namespace(log_base=None, log_level=None, verb_name='build', build_base='build', install_base='install', merge_install=False, symlink_install=False, test_result_base=None, continue_on_error=False, executor='parallel', parallel_workers=16, event_handlers=None, ignore_user_meta=False, metas=['./colcon.meta'], base_paths=['.'], packages_ignore=None, packages_ignore_regex=None, paths=None, packages_up_to=None, packages_up_to_regex=None, packages_above=None, packages_above_and_dependencies=None, packages_above_depth=None, packages_select_by_dep=None, packages_skip_by_dep=None, packages_skip_up_to=None, packages_select_build_failed=False, packages_skip_build_finished=False, packages_select_test_failures=False, packages_skip_test_passed=False, packages_select=['lane_follower'], packages_skip=None, packages_select_regex=None, packages_skip_regex=None, packages_start=None, packages_end=None, allow_overriding=[], mixin_files=None, mixin=None, verb_parser=<colcon_mixin.mixin.mixin_argument.MixinArgumentDecorator object at 0x72add2f44ee0>, verb_extension=<colcon_core.verb.build.BuildVerb object at 0x72add2f449d0>, main=<bound method BuildVerb.main of <colcon_core.verb.build.BuildVerb object at 0x72add2f449d0>>, mixin_verb=('build',))
[0.150s] Level 1:colcon.colcon_core.package_discovery:discover_packages(colcon_meta) check parameters
[0.150s] Level 1:colcon.colcon_core.package_discovery:discover_packages(recursive) check parameters
[0.150s] Level 1:colcon.colcon_core.package_discovery:discover_packages(ignore) check parameters
[0.150s] Level 1:colcon.colcon_core.package_discovery:discover_packages(path) check parameters
[0.150s] Level 1:colcon.colcon_core.package_discovery:discover_packages(colcon_meta) discover
[0.150s] Level 1:colcon.colcon_core.package_discovery:discover_packages(recursive) discover
[0.150s] INFO:colcon.colcon_core.package_discovery:Crawling recursively for packages in '/home/govind/abhiyaan/gazebo_ws'
[0.150s] Level 1:colcon.colcon_core.package_identification:_identify(.) by extensions ['ignore']
[0.150s] Level 1:colcon.colcon_core.package_identification:_identify(.) by extension 'ignore'
[0.150s] Level 1:colcon.colcon_core.package_identification:_identify(.) by extensions ['colcon_pkg']
[0.150s] Level 1:colcon.colcon_core.package_identification:_identify(.) by extension 'colcon_pkg'
[0.150s] Level 1:colcon.colcon_core.package_identification:_identify(.) by extensions ['colcon_meta']
[0.150s] Level 1:colcon.colcon_core.package_identification:_identify(.) by extension 'colcon_meta'
[0.150s] Level 1:colcon.colcon_core.package_identification:_identify(.) by extensions ['python']
[0.150s] Level 1:colcon.colcon_core.package_identification:_identify(.) by extension 'python'
[0.150s] Level 1:colcon.colcon_core.package_identification:_identify(.) by extensions ['python_setup_py']
[0.150s] Level 1:colcon.colcon_core.package_identification:_identify(.) by extension 'python_setup_py'
[0.150s] Level 1:colcon.colcon_core.package_identification:_identify(build) by extensions ['ignore']
[0.150s] Level 1:colcon.colcon_core.package_identification:_identify(build) by extension 'ignore'
[0.150s] Level 1:colcon.colcon_core.package_identification:_identify(build) ignored
[0.150s] Level 1:colcon.colcon_core.package_identification:_identify(install) by extensions ['ignore']
[0.151s] Level 1:colcon.colcon_core.package_identification:_identify(install) by extension 'ignore'
[0.151s] Level 1:colcon.colcon_core.package_identification:_identify(install) ignored
[0.151s] Level 1:colcon.colcon_core.package_identification:_identify(log) by extensions ['ignore']
[0.151s] Level 1:colcon.colcon_core.package_identification:_identify(log) by extension 'ignore'
[0.151s] Level 1:colcon.colcon_core.package_identification:_identify(log) ignored
[0.151s] Level 1:colcon.colcon_core.package_identification:_identify(src) by extensions ['ignore']
[0.151s] Level 1:colcon.colcon_core.package_identification:_identify(src) by extension 'ignore'
[0.151s] Level 1:colcon.colcon_core.package_identification:_identify(src) by extensions ['colcon_pkg']
[0.151s] Level 1:colcon.colcon_core.package_identification:_identify(src) by extension 'colcon_pkg'
[0.151s] Level 1:colcon.colcon_core.package_identification:_identify(src) by extensions ['colcon_meta']
[0.151s] Level 1:colcon.colcon_core.package_identification:_identify(src) by extension 'colcon_meta'
[0.151s] Level 1:colcon.colcon_core.package_identification:_identify(src) by extensions ['python']
[0.151s] Level 1:colcon.colcon_core.package_identification:_identify(src) by extension 'python'
[0.151s] Level 1:colcon.colcon_core.package_identification:_identify(src) by extensions ['python_setup_py']
[0.151s] Level 1:colcon.colcon_core.package_identification:_identify(src) by extension 'python_setup_py'
[0.151s] Level 1:colcon.colcon_core.package_identification:_identify(src/model_pkg) by extensions ['ignore']
[0.151s] Level 1:colcon.colcon_core.package_identification:_identify(src/model_pkg) by extension 'ignore'
[0.151s] Level 1:colcon.colcon_core.package_identification:_identify(src/model_pkg) by extensions ['colcon_pkg']
[0.151s] Level 1:colcon.colcon_core.package_identification:_identify(src/model_pkg) by extension 'colcon_pkg'
[0.151s] Level 1:colcon.colcon_core.package_identification:_identify(src/model_pkg) by extensions ['colcon_meta']
[0.151s] Level 1:colcon.colcon_core.package_identification:_identify(src/model_pkg) by extension 'colcon_meta'
[0.151s] Level 1:colcon.colcon_core.package_identification:_identify(src/model_pkg) by extensions ['python']
[0.151s] Level 1:colcon.colcon_core.package_identification:_identify(src/model_pkg) by extension 'python'
[0.151s] Level 1:colcon.colcon_core.package_identification:_identify(src/model_pkg) by extensions ['python_setup_py']
[0.151s] Level 1:colcon.colcon_core.package_identification:_identify(src/model_pkg) by extension 'python_setup_py'
[0.151s] Level 1:colcon.colcon_core.package_identification:_identify(src/model_pkg/config) by extensions ['ignore']
[0.151s] Level 1:colcon.colcon_core.package_identification:_identify(src/model_pkg/config) by extension 'ignore'
[0.151s] Level 1:colcon.colcon_core.package_identification:_identify(src/model_pkg/config) by extensions ['colcon_pkg']
[0.151s] Level 1:colcon.colcon_core.package_identification:_identify(src/model_pkg/config) by extension 'colcon_pkg'
[0.151s] Level 1:colcon.colcon_core.package_identification:_identify(src/model_pkg/config) by extensions ['colcon_meta']
[0.151s] Level 1:colcon.colcon_core.package_identification:_identify(src/model_pkg/config) by extension 'colcon_meta'
[0.151s] Level 1:colcon.colcon_core.package_identification:_identify(src/model_pkg/config) by extensions ['python']
[0.151s] Level 1:colcon.colcon_core.package_identification:_identify(src/model_pkg/config) by extension 'python'
[0.151s] Level 1:colcon.colcon_core.package_identification:_identify(src/model_pkg/config) by extensions ['python_setup_py']
[0.151s] Level 1:colcon.colcon_core.package_identification:_identify(src/model_pkg/config) by extension 'python_setup_py'
[0.151s] Level 1:colcon.colcon_core.package_identification:_identify(src/model_pkg/include) by extensions ['ignore']
[0.151s] Level 1:colcon.colcon_core.package_identification:_identify(src/model_pkg/include) by extension 'ignore'
[0.151s] Level 1:colcon.colcon_core.package_identification:_identify(src/model_pkg/include) by extensions ['colcon_pkg']
[0.151s] Level 1:colcon.colcon_core.package_identification:_identify(src/model_pkg/include) by extension 'colcon_pkg'
[0.151s] Level 1:colcon.colcon_core.package_identification:_identify(src/model_pkg/include) by extensions ['colcon_meta']
[0.151s] Level 1:colcon.colcon_core.package_identification:_identify(src/model_pkg/include) by extension 'colcon_meta'
[0.151s] Level 1:colcon.colcon_core.package_identification:_identify(src/model_pkg/include) by extensions ['python']
[0.151s] Level 1:colcon.colcon_core.package_identification:_identify(src/model_pkg/include) by extension 'python'
[0.151s] Level 1:colcon.colcon_core.package_identification:_identify(src/model_pkg/include) by extensions ['python_setup_py']
[0.151s] Level 1:colcon.colcon_core.package_identification:_identify(src/model_pkg/include) by extension 'python_setup_py'
[0.152s] Level 1:colcon.colcon_core.package_identification:_identify(src/model_pkg/include/model_pkg) by extensions ['ignore']
[0.152s] Level 1:colcon.colcon_core.package_identification:_identify(src/model_pkg/include/model_pkg) by extension 'ignore'
[0.152s] Level 1:colcon.colcon_core.package_identification:_identify(src/model_pkg/include/model_pkg) by extensions ['colcon_pkg']
[0.152s] Level 1:colcon.colcon_core.package_identification:_identify(src/model_pkg/include/model_pkg) by extension 'colcon_pkg'
[0.152s] Level 1:colcon.colcon_core.package_identification:_identify(src/model_pkg/include/model_pkg) by extensions ['colcon_meta']
[0.152s] Level 1:colcon.colcon_core.package_identification:_identify(src/model_pkg/include/model_pkg) by extension 'colcon_meta'
[0.152s] Level 1:colcon.colcon_core.package_identification:_identify(src/model_pkg/include/model_pkg) by extensions ['python']
[0.152s] Level 1:colcon.colcon_core.package_identification:_identify(src/model_pkg/include/model_pkg) by extension 'python'
[0.152s] Level 1:colcon.colcon_core.package_identification:_identify(src/model_pkg/include/model_pkg) by extensions ['python_setup_py']
[0.152s] Level 1:colcon.colcon_core.package_identification:_identify(src/model_pkg/include/model_pkg) by extension 'python_setup_py'
[0.152s] Level 1:colcon.colcon_core.package_identification:_identify(src/model_pkg/launch) by extensions ['ignore']
[0.152s] Level 1:colcon.colcon_core.package_identification:_identify(src/model_pkg/launch) by extension 'ignore'
[0.152s] Level 1:colcon.colcon_core.package_identification:_identify(src/model_pkg/launch) by extensions ['colcon_pkg']
[0.152s] Level 1:colcon.colcon_core.package_identification:_identify(src/model_pkg/launch) by extension 'colcon_pkg'
[0.152s] Level 1:colcon.colcon_core.package_identification:_identify(src/model_pkg/launch) by extensions ['colcon_meta']
[0.152s] Level 1:colcon.colcon_core.package_identification:_identify(src/model_pkg/launch) by extension 'colcon_meta'
[0.152s] Level 1:colcon.colcon_core.package_identification:_identify(src/model_pkg/launch) by extensions ['python']
[0.152s] Level 1:colcon.colcon_core.package_identification:_identify(src/model_pkg/launch) by extension 'python'
[0.152s] Level 1:colcon.colcon_core.package_identification:_identify(src/model_pkg/launch) by extensions ['python_setup_py']
[0.152s] Level 1:colcon.colcon_core.package_identification:_identify(src/model_pkg/launch) by extension 'python_setup_py'
[0.152s] Level 1:colcon.colcon_core.package_identification:_identify(src/model_pkg/model) by extensions ['ignore']
[0.152s] Level 1:colcon.colcon_core.package_identification:_identify(src/model_pkg/model) by extension 'ignore'
[0.152s] Level 1:colcon.colcon_core.package_identification:_identify(src/model_pkg/model) by extensions ['colcon_pkg']
[0.152s] Level 1:colcon.colcon_core.package_identification:_identify(src/model_pkg/model) by extension 'colcon_pkg'
[0.152s] Level 1:colcon.colcon_core.package_identification:_identify(src/model_pkg/model) by extensions ['colcon_meta']
[0.152s] Level 1:colcon.colcon_core.package_identification:_identify(src/model_pkg/model) by extension 'colcon_meta'
[0.152s] Level 1:colcon.colcon_core.package_identification:_identify(src/model_pkg/model) by extensions ['python']
[0.152s] Level 1:colcon.colcon_core.package_identification:_identify(src/model_pkg/model) by extension 'python'
[0.152s] Level 1:colcon.colcon_core.package_identification:_identify(src/model_pkg/model) by extensions ['python_setup_py']
[0.152s] Level 1:colcon.colcon_core.package_identification:_identify(src/model_pkg/model) by extension 'python_setup_py'
[0.152s] Level 1:colcon.colcon_core.package_identification:_identify(src/model_pkg/models) by extensions ['ignore']
[0.152s] Level 1:colcon.colcon_core.package_identification:_identify(src/model_pkg/models) by extension 'ignore'
[0.152s] Level 1:colcon.colcon_core.package_identification:_identify(src/model_pkg/models) by extensions ['colcon_pkg']
[0.152s] Level 1:colcon.colcon_core.package_identification:_identify(src/model_pkg/models) by extension 'colcon_pkg'
[0.152s] Level 1:colcon.colcon_core.package_identification:_identify(src/model_pkg/models) by extensions ['colcon_meta']
[0.152s] Level 1:colcon.colcon_core.package_identification:_identify(src/model_pkg/models) by extension 'colcon_meta'
[0.152s] Level 1:colcon.colcon_core.package_identification:_identify(src/model_pkg/models) by extensions ['python']
[0.152s] Level 1:colcon.colcon_core.package_identification:_identify(src/model_pkg/models) by extension 'python'
[0.152s] Level 1:colcon.colcon_core.package_identification:_identify(src/model_pkg/models) by extensions ['python_setup_py']
[0.152s] Level 1:colcon.colcon_core.package_identification:_identify(src/model_pkg/models) by extension 'python_setup_py'
[0.152s] Level 1:colcon.colcon_core.package_identification:_identify(src/model_pkg/models/asphault_ground_plane) by extensions ['ignore']
[0.152s] Level 1:colcon.colcon_core.package_identification:_identify(src/model_pkg/models/asphault_ground_plane) by extension 'ignore'
[0.152s] Level 1:colcon.colcon_core.package_identification:_identify(src/model_pkg/models/asphault_ground_plane) by extensions ['colcon_pkg']
[0.152s] Level 1:colcon.colcon_core.package_identification:_identify(src/model_pkg/models/asphault_ground_plane) by extension 'colcon_pkg'
[0.152s] Level 1:colcon.colcon_core.package_identification:_identify(src/model_pkg/models/asphault_ground_plane) by extensions ['colcon_meta']
[0.152s] Level 1:colcon.colcon_core.package_identification:_identify(src/model_pkg/models/asphault_ground_plane) by extension 'colcon_meta'
[0.153s] Level 1:colcon.colcon_core.package_identification:_identify(src/model_pkg/models/asphault_ground_plane) by extensions ['python']
[0.153s] Level 1:colcon.colcon_core.package_identification:_identify(src/model_pkg/models/asphault_ground_plane) by extension 'python'
[0.153s] Level 1:colcon.colcon_core.package_identification:_identify(src/model_pkg/models/asphault_ground_plane) by extensions ['python_setup_py']
[0.153s] Level 1:colcon.colcon_core.package_identification:_identify(src/model_pkg/models/asphault_ground_plane) by extension 'python_setup_py'
[0.153s] Level 1:colcon.colcon_core.package_identification:_identify(src/model_pkg/models/asphault_ground_plane/materials) by extensions ['ignore']
[0.153s] Level 1:colcon.colcon_core.package_identification:_identify(src/model_pkg/models/asphault_ground_plane/materials) by extension 'ignore'
[0.153s] Level 1:colcon.colcon_core.package_identification:_identify(src/model_pkg/models/asphault_ground_plane/materials) by extensions ['colcon_pkg']
[0.153s] Level 1:colcon.colcon_core.package_identification:_identify(src/model_pkg/models/asphault_ground_plane/materials) by extension 'colcon_pkg'
[0.153s] Level 1:colcon.colcon_core.package_identification:_identify(src/model_pkg/models/asphault_ground_plane/materials) by extensions ['colcon_meta']
[0.153s] Level 1:colcon.colcon_core.package_identification:_identify(src/model_pkg/models/asphault_ground_plane/materials) by extension 'colcon_meta'
[0.153s] Level 1:colcon.colcon_core.package_identification:_identify(src/model_pkg/models/asphault_ground_plane/materials) by extensions ['python']
[0.153s] Level 1:colcon.colcon_core.package_identification:_identify(src/model_pkg/models/asphault_ground_plane/materials) by extension 'python'
[0.153s] Level 1:colcon.colcon_core.package_identification:_identify(src/model_pkg/models/asphault_ground_plane/materials) by extensions ['python_setup_py']
[0.153s] Level 1:colcon.colcon_core.package_identification:_identify(src/model_pkg/models/asphault_ground_plane/materials) by extension 'python_setup_py'
[0.153s] Level 1:colcon.colcon_core.package_identification:_identify(src/model_pkg/models/asphault_ground_plane/materials/scripts) by extensions ['ignore']
[0.153s] Level 1:colcon.colcon_core.package_identification:_identify(src/model_pkg/models/asphault_ground_plane/materials/scripts) by extension 'ignore'
[0.153s] Level 1:colcon.colcon_core.package_identification:_identify(src/model_pkg/models/asphault_ground_plane/materials/scripts) by extensions ['colcon_pkg']
[0.153s] Level 1:colcon.colcon_core.package_identification:_identify(src/model_pkg/models/asphault_ground_plane/materials/scripts) by extension 'colcon_pkg'
[0.153s] Level 1:colcon.colcon_core.package_identification:_identify(src/model_pkg/models/asphault_ground_plane/materials/scripts) by extensions ['colcon_meta']
[0.153s] Level 1:colcon.colcon_core.package_identification:_identify(src/model_pkg/models/asphault_ground_plane/materials/scripts) by extension 'colcon_meta'
[0.153s] Level 1:colcon.colcon_core.package_identification:_identify(src/model_pkg/models/asphault_ground_plane/materials/scripts) by extensions ['python']
[0.153s] Level 1:colcon.colcon_core.package_identification:_identify(src/model_pkg/models/asphault_ground_plane/materials/scripts) by extension 'python'
[0.153s] Level 1:colcon.colcon_core.package_identification:_identify(src/model_pkg/models/asphault_ground_plane/materials/scripts) by extensions ['python_setup_py']
[0.153s] Level 1:colcon.colcon_core.package_identification:_identify(src/model_pkg/models/asphault_ground_plane/materials/scripts) by extension 'python_setup_py'
[0.153s] Level 1:colcon.colcon_core.package_identification:_identify(src/model_pkg/models/asphault_ground_plane/materials/textures) by extensions ['ignore']
[0.153s] Level 1:colcon.colcon_core.package_identification:_identify(src/model_pkg/models/asphault_ground_plane/materials/textures) by extension 'ignore'
[0.153s] Level 1:colcon.colcon_core.package_identification:_identify(src/model_pkg/models/asphault_ground_plane/materials/textures) by extensions ['colcon_pkg']
[0.153s] Level 1:colcon.colcon_core.package_identification:_identify(src/model_pkg/models/asphault_ground_plane/materials/textures) by extension 'colcon_pkg'
[0.153s] Level 1:colcon.colcon_core.package_identification:_identify(src/model_pkg/models/asphault_ground_plane/materials/textures) by extensions ['colcon_meta']
[0.153s] Level 1:colcon.colcon_core.package_identification:_identify(src/model_pkg/models/asphault_ground_plane/materials/textures) by extension 'colcon_meta'
[0.153s] Level 1:colcon.colcon_core.package_identification:_identify(src/model_pkg/models/asphault_ground_plane/materials/textures) by extensions ['python']
[0.153s] Level 1:colcon.colcon_core.package_identification:_identify(src/model_pkg/models/asphault_ground_plane/materials/textures) by extension 'python'
[0.153s] Level 1:colcon.colcon_core.package_identification:_identify(src/model_pkg/models/asphault_ground_plane/materials/textures) by extensions ['python_setup_py']
[0.153s] Level 1:colcon.colcon_core.package_identification:_identify(src/model_pkg/models/asphault_ground_plane/materials/textures) by extension 'python_setup_py'
[0.153s] Level 1:colcon.colcon_core.package_identification:_identify(src/model_pkg/models/barrel_blue) by extensions ['ignore']
[0.153s] Level 1:colcon.colcon_core.package_identification:_identify(src/model_pkg/models/barrel_blue) by extension 'ignore'
[0.153s] Level 1:colcon.colcon_core.package_identification:_identify(src/model_pkg/models/barrel_blue) by extensions ['colcon_pkg']
[0.153s] Level 1:colcon.colcon_core.package_identification:_identify(src/model_pkg/models/barrel_blue) by extension 'colcon_pkg'
[0.153s] Level 1:colcon.colcon_core.package_identification:_identify(src/model_pkg/models/barrel_blue) by extensions ['colcon_meta']
[0.153s] Level 1:colcon.colcon_core.package_identification:_identify(src/model_pkg/models/barrel_blue) by extension 'colcon_meta'
[0.153s] Level 1:colcon.colcon_core.package_identification:_identify(src/model_pkg/models/barrel_blue) by extensions ['python']
[0.153s] Level 1:colcon.colcon_core.package_identification:_identify(src/model_pkg/models/barrel_blue) by extension 'python'
[0.153s] Level 1:colcon.colcon_core.package_identification:_identify(src/model_pkg/models/barrel_blue) by extensions ['python_setup_py']
[0.154s] Level 1:colcon.colcon_core.package_identification:_identify(src/model_pkg/models/barrel_blue) by extension 'python_setup_py'
[0.154s] Level 1:colcon.colcon_core.package_identification:_identify(src/model_pkg/models/barrel_green) by extensions ['ignore']
[0.154s] Level 1:colcon.colcon_core.package_identification:_identify(src/model_pkg/models/barrel_green) by extension 'ignore'
[0.154s] Level 1:colcon.colcon_core.package_identification:_identify(src/model_pkg/models/barrel_green) by extensions ['colcon_pkg']
[0.154s] Level 1:colcon.colcon_core.package_identification:_identify(src/model_pkg/models/barrel_green) by extension 'colcon_pkg'
[0.154s] Level 1:colcon.colcon_core.package_identification:_identify(src/model_pkg/models/barrel_green) by extensions ['colcon_meta']
[0.154s] Level 1:colcon.colcon_core.package_identification:_identify(src/model_pkg/models/barrel_green) by extension 'colcon_meta'
[0.154s] Level 1:colcon.colcon_core.package_identification:_identify(src/model_pkg/models/barrel_green) by extensions ['python']
[0.154s] Level 1:colcon.colcon_core.package_identification:_identify(src/model_pkg/models/barrel_green) by extension 'python'
[0.154s] Level 1:colcon.colcon_core.package_identification:_identify(src/model_pkg/models/barrel_green) by extensions ['python_setup_py']
[0.154s] Level 1:colcon.colcon_core.package_identification:_identify(src/model_pkg/models/barrel_green) by extension 'python_setup_py'
[0.154s] Level 1:colcon.colcon_core.package_identification:_identify(src/model_pkg/models/barrel_orange) by extensions ['ignore']
[0.154s] Level 1:colcon.colcon_core.package_identification:_identify(src/model_pkg/models/barrel_orange) by extension 'ignore'
[0.154s] Level 1:colcon.colcon_core.package_identification:_identify(src/model_pkg/models/barrel_orange) by extensions ['colcon_pkg']
[0.154s] Level 1:colcon.colcon_core.package_identification:_identify(src/model_pkg/models/barrel_orange) by extension 'colcon_pkg'
[0.154s] Level 1:colcon.colcon_core.package_identification:_identify(src/model_pkg/models/barrel_orange) by extensions ['colcon_meta']
[0.154s] Level 1:colcon.colcon_core.package_identification:_identify(src/model_pkg/models/barrel_orange) by extension 'colcon_meta'
[0.154s] Level 1:colcon.colcon_core.package_identification:_identify(src/model_pkg/models/barrel_orange) by extensions ['python']
[0.154s] Level 1:colcon.colcon_core.package_identification:_identify(src/model_pkg/models/barrel_orange) by extension 'python'
[0.154s] Level 1:colcon.colcon_core.package_identification:_identify(src/model_pkg/models/barrel_orange) by extensions ['python_setup_py']
[0.154s] Level 1:colcon.colcon_core.package_identification:_identify(src/model_pkg/models/barrel_orange) by extension 'python_setup_py'
[0.154s] Level 1:colcon.colcon_core.package_identification:_identify(src/model_pkg/models/barrel_white) by extensions ['ignore']
[0.154s] Level 1:colcon.colcon_core.package_identification:_identify(src/model_pkg/models/barrel_white) by extension 'ignore'
[0.154s] Level 1:colcon.colcon_core.package_identification:_identify(src/model_pkg/models/barrel_white) by extensions ['colcon_pkg']
[0.154s] Level 1:colcon.colcon_core.package_identification:_identify(src/model_pkg/models/barrel_white) by extension 'colcon_pkg'
[0.154s] Level 1:colcon.colcon_core.package_identification:_identify(src/model_pkg/models/barrel_white) by extensions ['colcon_meta']
[0.154s] Level 1:colcon.colcon_core.package_identification:_identify(src/model_pkg/models/barrel_white) by extension 'colcon_meta'
[0.154s] Level 1:colcon.colcon_core.package_identification:_identify(src/model_pkg/models/barrel_white) by extensions ['python']
[0.154s] Level 1:colcon.colcon_core.package_identification:_identify(src/model_pkg/models/barrel_white) by extension 'python'
[0.154s] Level 1:colcon.colcon_core.package_identification:_identify(src/model_pkg/models/barrel_white) by extensions ['python_setup_py']
[0.154s] Level 1:colcon.colcon_core.package_identification:_identify(src/model_pkg/models/barrel_white) by extension 'python_setup_py'
[0.154s] Level 1:colcon.colcon_core.package_identification:_identify(src/model_pkg/models/barrel_yellow) by extensions ['ignore']
[0.154s] Level 1:colcon.colcon_core.package_identification:_identify(src/model_pkg/models/barrel_yellow) by extension 'ignore'
[0.154s] Level 1:colcon.colcon_core.package_identification:_identify(src/model_pkg/models/barrel_yellow) by extensions ['colcon_pkg']
[0.154s] Level 1:colcon.colcon_core.package_identification:_identify(src/model_pkg/models/barrel_yellow) by extension 'colcon_pkg'
[0.154s] Level 1:colcon.colcon_core.package_identification:_identify(src/model_pkg/models/barrel_yellow) by extensions ['colcon_meta']
[0.154s] Level 1:colcon.colcon_core.package_identification:_identify(src/model_pkg/models/barrel_yellow) by extension 'colcon_meta'
[0.154s] Level 1:colcon.colcon_core.package_identification:_identify(src/model_pkg/models/barrel_yellow) by extensions ['python']
[0.154s] Level 1:colcon.colcon_core.package_identification:_identify(src/model_pkg/models/barrel_yellow) by extension 'python'
[0.154s] Level 1:colcon.colcon_core.package_identification:_identify(src/model_pkg/models/barrel_yellow) by extensions ['python_setup_py']
[0.154s] Level 1:colcon.colcon_core.package_identification:_identify(src/model_pkg/models/barrel_yellow) by extension 'python_setup_py'
[0.154s] Level 1:colcon.colcon_core.package_identification:_identify(src/model_pkg/models/construction_barrel) by extensions ['ignore']
[0.155s] Level 1:colcon.colcon_core.package_identification:_identify(src/model_pkg/models/construction_barrel) by extension 'ignore'
[0.155s] Level 1:colcon.colcon_core.package_identification:_identify(src/model_pkg/models/construction_barrel) by extensions ['colcon_pkg']
[0.155s] Level 1:colcon.colcon_core.package_identification:_identify(src/model_pkg/models/construction_barrel) by extension 'colcon_pkg'
[0.155s] Level 1:colcon.colcon_core.package_identification:_identify(src/model_pkg/models/construction_barrel) by extensions ['colcon_meta']
[0.155s] Level 1:colcon.colcon_core.package_identification:_identify(src/model_pkg/models/construction_barrel) by extension 'colcon_meta'
[0.155s] Level 1:colcon.colcon_core.package_identification:_identify(src/model_pkg/models/construction_barrel) by extensions ['python']
[0.155s] Level 1:colcon.colcon_core.package_identification:_identify(src/model_pkg/models/construction_barrel) by extension 'python'
[0.155s] Level 1:colcon.colcon_core.package_identification:_identify(src/model_pkg/models/construction_barrel) by extensions ['python_setup_py']
[0.155s] Level 1:colcon.colcon_core.package_identification:_identify(src/model_pkg/models/construction_barrel) by extension 'python_setup_py'
[0.155s] Level 1:colcon.colcon_core.package_identification:_identify(src/model_pkg/models/construction_barrel/materials) by extensions ['ignore']
[0.155s] Level 1:colcon.colcon_core.package_identification:_identify(src/model_pkg/models/construction_barrel/materials) by extension 'ignore'
[0.155s] Level 1:colcon.colcon_core.package_identification:_identify(src/model_pkg/models/construction_barrel/materials) by extensions ['colcon_pkg']
[0.155s] Level 1:colcon.colcon_core.package_identification:_identify(src/model_pkg/models/construction_barrel/materials) by extension 'colcon_pkg'
[0.155s] Level 1:colcon.colcon_core.package_identification:_identify(src/model_pkg/models/construction_barrel/materials) by extensions ['colcon_meta']
[0.155s] Level 1:colcon.colcon_core.package_identification:_identify(src/model_pkg/models/construction_barrel/materials) by extension 'colcon_meta'
[0.155s] Level 1:colcon.colcon_core.package_identification:_identify(src/model_pkg/models/construction_barrel/materials) by extensions ['python']
[0.155s] Level 1:colcon.colcon_core.package_identification:_identify(src/model_pkg/models/construction_barrel/materials) by extension 'python'
[0.155s] Level 1:colcon.colcon_core.package_identification:_identify(src/model_pkg/models/construction_barrel/materials) by extensions ['python_setup_py']
[0.155s] Level 1:colcon.colcon_core.package_identification:_identify(src/model_pkg/models/construction_barrel/materials) by extension 'python_setup_py'
[0.155s] Level 1:colcon.colcon_core.package_identification:_identify(src/model_pkg/models/construction_barrel/materials/scripts) by extensions ['ignore']
[0.155s] Level 1:colcon.colcon_core.package_identification:_identify(src/model_pkg/models/construction_barrel/materials/scripts) by extension 'ignore'
[0.155s] Level 1:colcon.colcon_core.package_identification:_identify(src/model_pkg/models/construction_barrel/materials/scripts) by extensions ['colcon_pkg']
[0.155s] Level 1:colcon.colcon_core.package_identification:_identify(src/model_pkg/models/construction_barrel/materials/scripts) by extension 'colcon_pkg'
[0.155s] Level 1:colcon.colcon_core.package_identification:_identify(src/model_pkg/models/construction_barrel/materials/scripts) by extensions ['colcon_meta']
[0.155s] Level 1:colcon.colcon_core.package_identification:_identify(src/model_pkg/models/construction_barrel/materials/scripts) by extension 'colcon_meta'
[0.155s] Level 1:colcon.colcon_core.package_identification:_identify(src/model_pkg/models/construction_barrel/materials/scripts) by extensions ['python']
[0.155s] Level 1:colcon.colcon_core.package_identification:_identify(src/model_pkg/models/construction_barrel/materials/scripts) by extension 'python'
[0.155s] Level 1:colcon.colcon_core.package_identification:_identify(src/model_pkg/models/construction_barrel/materials/scripts) by extensions ['python_setup_py']
[0.155s] Level 1:colcon.colcon_core.package_identification:_identify(src/model_pkg/models/construction_barrel/materials/scripts) by extension 'python_setup_py'
[0.155s] Level 1:colcon.colcon_core.package_identification:_identify(src/model_pkg/models/construction_barrel/materials/textures) by extensions ['ignore']
[0.155s] Level 1:colcon.colcon_core.package_identification:_identify(src/model_pkg/models/construction_barrel/materials/textures) by extension 'ignore'
[0.155s] Level 1:colcon.colcon_core.package_identification:_identify(src/model_pkg/models/construction_barrel/materials/textures) by extensions ['colcon_pkg']
[0.155s] Level 1:colcon.colcon_core.package_identification:_identify(src/model_pkg/models/construction_barrel/materials/textures) by extension 'colcon_pkg'
[0.155s] Level 1:colcon.colcon_core.package_identification:_identify(src/model_pkg/models/construction_barrel/materials/textures) by extensions ['colcon_meta']
[0.155s] Level 1:colcon.colcon_core.package_identification:_identify(src/model_pkg/models/construction_barrel/materials/textures) by extension 'colcon_meta'
[0.155s] Level 1:colcon.colcon_core.package_identification:_identify(src/model_pkg/models/construction_barrel/materials/textures) by extensions ['python']
[0.155s] Level 1:colcon.colcon_core.package_identification:_identify(src/model_pkg/models/construction_barrel/materials/textures) by extension 'python'
[0.155s] Level 1:colcon.colcon_core.package_identification:_identify(src/model_pkg/models/construction_barrel/materials/textures) by extensions ['python_setup_py']
[0.155s] Level 1:colcon.colcon_core.package_identification:_identify(src/model_pkg/models/construction_barrel/materials/textures) by extension 'python_setup_py'
[0.155s] Level 1:colcon.colcon_core.package_identification:_identify(src/model_pkg/models/construction_barrel/meshes) by extensions ['ignore']
[0.156s] Level 1:colcon.colcon_core.package_identification:_identify(src/model_pkg/models/construction_barrel/meshes) by extension 'ignore'
[0.156s] Level 1:colcon.colcon_core.package_identification:_identify(src/model_pkg/models/construction_barrel/meshes) by extensions ['colcon_pkg']
[0.156s] Level 1:colcon.colcon_core.package_identification:_identify(src/model_pkg/models/construction_barrel/meshes) by extension 'colcon_pkg'
[0.156s] Level 1:colcon.colcon_core.package_identification:_identify(src/model_pkg/models/construction_barrel/meshes) by extensions ['colcon_meta']
[0.156s] Level 1:colcon.colcon_core.package_identification:_identify(src/model_pkg/models/construction_barrel/meshes) by extension 'colcon_meta'
[0.156s] Level 1:colcon.colcon_core.package_identification:_identify(src/model_pkg/models/construction_barrel/meshes) by extensions ['python']
[0.156s] Level 1:colcon.colcon_core.package_identification:_identify(src/model_pkg/models/construction_barrel/meshes) by extension 'python'
[0.156s] Level 1:colcon.colcon_core.package_identification:_identify(src/model_pkg/models/construction_barrel/meshes) by extensions ['python_setup_py']
[0.156s] Level 1:colcon.colcon_core.package_identification:_identify(src/model_pkg/models/construction_barrel/meshes) by extension 'python_setup_py'
[0.156s] Level 1:colcon.colcon_core.package_identification:_identify(src/model_pkg/models/construction_cone) by extensions ['ignore']
[0.156s] Level 1:colcon.colcon_core.package_identification:_identify(src/model_pkg/models/construction_cone) by extension 'ignore'
[0.156s] Level 1:colcon.colcon_core.package_identification:_identify(src/model_pkg/models/construction_cone) by extensions ['colcon_pkg']
[0.156s] Level 1:colcon.colcon_core.package_identification:_identify(src/model_pkg/models/construction_cone) by extension 'colcon_pkg'
[0.156s] Level 1:colcon.colcon_core.package_identification:_identify(src/model_pkg/models/construction_cone) by extensions ['colcon_meta']
[0.156s] Level 1:colcon.colcon_core.package_identification:_identify(src/model_pkg/models/construction_cone) by extension 'colcon_meta'
[0.156s] Level 1:colcon.colcon_core.package_identification:_identify(src/model_pkg/models/construction_cone) by extensions ['python']
[0.156s] Level 1:colcon.colcon_core.package_identification:_identify(src/model_pkg/models/construction_cone) by extension 'python'
[0.156s] Level 1:colcon.colcon_core.package_identification:_identify(src/model_pkg/models/construction_cone) by extensions ['python_setup_py']
[0.156s] Level 1:colcon.colcon_core.package_identification:_identify(src/model_pkg/models/construction_cone) by extension 'python_setup_py'
[0.156s] Level 1:colcon.colcon_core.package_identification:_identify(src/model_pkg/models/construction_cone/materials) by extensions ['ignore']
[0.156s] Level 1:colcon.colcon_core.package_identification:_identify(src/model_pkg/models/construction_cone/materials) by extension 'ignore'
[0.156s] Level 1:colcon.colcon_core.package_identification:_identify(src/model_pkg/models/construction_cone/materials) by extensions ['colcon_pkg']
[0.156s] Level 1:colcon.colcon_core.package_identification:_identify(src/model_pkg/models/construction_cone/materials) by extension 'colcon_pkg'
[0.156s] Level 1:colcon.colcon_core.package_identification:_identify(src/model_pkg/models/construction_cone/materials) by extensions ['colcon_meta']
[0.156s] Level 1:colcon.colcon_core.package_identification:_identify(src/model_pkg/models/construction_cone/materials) by extension 'colcon_meta'
[0.156s] Level 1:colcon.colcon_core.package_identification:_identify(src/model_pkg/models/construction_cone/materials) by extensions ['python']
[0.156s] Level 1:colcon.colcon_core.package_identification:_identify(src/model_pkg/models/construction_cone/materials) by extension 'python'
[0.156s] Level 1:colcon.colcon_core.package_identification:_identify(src/model_pkg/models/construction_cone/materials) by extensions ['python_setup_py']
[0.156s] Level 1:colcon.colcon_core.package_identification:_identify(src/model_pkg/models/construction_cone/materials) by extension 'python_setup_py'
[0.156s] Level 1:colcon.colcon_core.package_identification:_identify(src/model_pkg/models/construction_cone/materials/scripts) by extensions ['ignore']
[0.156s] Level 1:colcon.colcon_core.package_identification:_identify(src/model_pkg/models/construction_cone/materials/scripts) by extension 'ignore'
[0.156s] Level 1:colcon.colcon_core.package_identification:_identify(src/model_pkg/models/construction_cone/materials/scripts) by extensions ['colcon_pkg']
[0.156s] Level 1:colcon.colcon_core.package_identification:_identify(src/model_pkg/models/construction_cone/materials/scripts) by extension 'colcon_pkg'
[0.156s] Level 1:colcon.colcon_core.package_identification:_identify(src/model_pkg/models/construction_cone/materials/scripts) by extensions ['colcon_meta']
[0.157s] Level 1:colcon.colcon_core.package_identification:_identify(src/model_pkg/models/construction_cone/materials/scripts) by extension 'colcon_meta'
[0.157s] Level 1:colcon.colcon_core.package_identification:_identify(src/model_pkg/models/construction_cone/materials/scripts) by extensions ['python']
[0.157s] Level 1:colcon.colcon_core.package_identification:_identify(src/model_pkg/models/construction_cone/materials/scripts) by extension 'python'
[0.157s] Level 1:colcon.colcon_core.package_identification:_identify(src/model_pkg/models/construction_cone/materials/scripts) by extensions ['python_setup_py']
[0.157s] Level 1:colcon.colcon_core.package_identification:_identify(src/model_pkg/models/construction_cone/materials/scripts) by extension 'python_setup_py'
[0.157s] Level 1:colcon.colcon_core.package_identification:_identify(src/model_pkg/models/construction_cone/materials/textures) by extensions ['ignore']
[0.157s] Level 1:colcon.colcon_core.package_identification:_identify(src/model_pkg/models/construction_cone/materials/textures) by extension 'ignore'
[0.157s] Level 1:colcon.colcon_core.package_identification:_identify(src/model_pkg/models/construction_cone/materials/textures) by extensions ['colcon_pkg']
[0.157s] Level 1:colcon.colcon_core.package_identification:_identify(src/model_pkg/models/construction_cone/materials/textures) by extension 'colcon_pkg'
[0.157s] Level 1:colcon.colcon_core.package_identification:_identify(src/model_pkg/models/construction_cone/materials/textures) by extensions ['colcon_meta']
[0.157s] Level 1:colcon.colcon_core.package_identification:_identify(src/model_pkg/models/construction_cone/materials/textures) by extension 'colcon_meta'
[0.157s] Level 1:colcon.colcon_core.package_identification:_identify(src/model_pkg/models/construction_cone/materials/textures) by extensions ['python']
[0.157s] Level 1:colcon.colcon_core.package_identification:_identify(src/model_pkg/models/construction_cone/materials/textures) by extension 'python'
[0.157s] Level 1:colcon.colcon_core.package_identification:_identify(src/model_pkg/models/construction_cone/materials/textures) by extensions ['python_setup_py']
[0.157s] Level 1:colcon.colcon_core.package_identification:_identify(src/model_pkg/models/construction_cone/materials/textures) by extension 'python_setup_py'
[0.157s] Level 1:colcon.colcon_core.package_identification:_identify(src/model_pkg/models/construction_cone/meshes) by extensions ['ignore']
[0.157s] Level 1:colcon.colcon_core.package_identification:_identify(src/model_pkg/models/construction_cone/meshes) by extension 'ignore'
[0.157s] Level 1:colcon.colcon_core.package_identification:_identify(src/model_pkg/models/construction_cone/meshes) by extensions ['colcon_pkg']
[0.157s] Level 1:colcon.colcon_core.package_identification:_identify(src/model_pkg/models/construction_cone/meshes) by extension 'colcon_pkg'
[0.157s] Level 1:colcon.colcon_core.package_identification:_identify(src/model_pkg/models/construction_cone/meshes) by extensions ['colcon_meta']
[0.157s] Level 1:colcon.colcon_core.package_identification:_identify(src/model_pkg/models/construction_cone/meshes) by extension 'colcon_meta'
[0.157s] Level 1:colcon.colcon_core.package_identification:_identify(src/model_pkg/models/construction_cone/meshes) by extensions ['python']
[0.157s] Level 1:colcon.colcon_core.package_identification:_identify(src/model_pkg/models/construction_cone/meshes) by extension 'python'
[0.157s] Level 1:colcon.colcon_core.package_identification:_identify(src/model_pkg/models/construction_cone/meshes) by extensions ['python_setup_py']
[0.157s] Level 1:colcon.colcon_core.package_identification:_identify(src/model_pkg/models/construction_cone/meshes) by extension 'python_setup_py'
[0.157s] Level 1:colcon.colcon_core.package_identification:_identify(src/model_pkg/models/pothole) by extensions ['ignore']
[0.157s] Level 1:colcon.colcon_core.package_identification:_identify(src/model_pkg/models/pothole) by extension 'ignore'
[0.157s] Level 1:colcon.colcon_core.package_identification:_identify(src/model_pkg/models/pothole) by extensions ['colcon_pkg']
[0.157s] Level 1:colcon.colcon_core.package_identification:_identify(src/model_pkg/models/pothole) by extension 'colcon_pkg'
[0.157s] Level 1:colcon.colcon_core.package_identification:_identify(src/model_pkg/models/pothole) by extensions ['colcon_meta']
[0.157s] Level 1:colcon.colcon_core.package_identification:_identify(src/model_pkg/models/pothole) by extension 'colcon_meta'
[0.157s] Level 1:colcon.colcon_core.package_identification:_identify(src/model_pkg/models/pothole) by extensions ['python']
[0.157s] Level 1:colcon.colcon_core.package_identification:_identify(src/model_pkg/models/pothole) by extension 'python'
[0.157s] Level 1:colcon.colcon_core.package_identification:_identify(src/model_pkg/models/pothole) by extensions ['python_setup_py']
[0.157s] Level 1:colcon.colcon_core.package_identification:_identify(src/model_pkg/models/pothole) by extension 'python_setup_py'
[0.157s] Level 1:colcon.colcon_core.package_identification:_identify(src/model_pkg/models/ramp) by extensions ['ignore']
[0.157s] Level 1:colcon.colcon_core.package_identification:_identify(src/model_pkg/models/ramp) by extension 'ignore'
[0.157s] Level 1:colcon.colcon_core.package_identification:_identify(src/model_pkg/models/ramp) by extensions ['colcon_pkg']
[0.157s] Level 1:colcon.colcon_core.package_identification:_identify(src/model_pkg/models/ramp) by extension 'colcon_pkg'
[0.157s] Level 1:colcon.colcon_core.package_identification:_identify(src/model_pkg/models/ramp) by extensions ['colcon_meta']
[0.157s] Level 1:colcon.colcon_core.package_identification:_identify(src/model_pkg/models/ramp) by extension 'colcon_meta'
[0.157s] Level 1:colcon.colcon_core.package_identification:_identify(src/model_pkg/models/ramp) by extensions ['python']
[0.157s] Level 1:colcon.colcon_core.package_identification:_identify(src/model_pkg/models/ramp) by extension 'python'
[0.157s] Level 1:colcon.colcon_core.package_identification:_identify(src/model_pkg/models/ramp) by extensions ['python_setup_py']
[0.157s] Level 1:colcon.colcon_core.package_identification:_identify(src/model_pkg/models/ramp) by extension 'python_setup_py'
[0.158s] Level 1:colcon.colcon_core.package_identification:_identify(src/model_pkg/rviz) by extensions ['ignore']
[0.158s] Level 1:colcon.colcon_core.package_identification:_identify(src/model_pkg/rviz) by extension 'ignore'
[0.158s] Level 1:colcon.colcon_core.package_identification:_identify(src/model_pkg/rviz) by extensions ['colcon_pkg']
[0.158s] Level 1:colcon.colcon_core.package_identification:_identify(src/model_pkg/rviz) by extension 'colcon_pkg'
[0.158s] Level 1:colcon.colcon_core.package_identification:_identify(src/model_pkg/rviz) by extensions ['colcon_meta']
[0.158s] Level 1:colcon.colcon_core.package_identification:_identify(src/model_pkg/rviz) by extension 'colcon_meta'
[0.158s] Level 1:colcon.colcon_core.package_identification:_identify(src/model_pkg/rviz) by extensions ['python']
[0.158s] Level 1:colcon.colcon_core.package_identification:_identify(src/model_pkg/rviz) by extension 'python'
[0.158s] Level 1:colcon.colcon_core.package_identification:_identify(src/model_pkg/rviz) by extensions ['python_setup_py']
[0.158s] Level 1:colcon.colcon_core.package_identification:_identify(src/model_pkg/rviz) by extension 'python_setup_py'
[0.158s] Level 1:colcon.colcon_core.package_identification:_identify(src/model_pkg/src) by extensions ['ignore']
[0.158s] Level 1:colcon.colcon_core.package_identification:_identify(src/model_pkg/src) by extension 'ignore'
[0.158s] Level 1:colcon.colcon_core.package_identification:_identify(src/model_pkg/src) by extensions ['colcon_pkg']
[0.158s] Level 1:colcon.colcon_core.package_identification:_identify(src/model_pkg/src) by extension 'colcon_pkg'
[0.158s] Level 1:colcon.colcon_core.package_identification:_identify(src/model_pkg/src) by extensions ['colcon_meta']
[0.158s] Level 1:colcon.colcon_core.package_identification:_identify(src/model_pkg/src) by extension 'colcon_meta'
[0.158s] Level 1:colcon.colcon_core.package_identification:_identify(src/model_pkg/src) by extensions ['python']
[0.158s] Level 1:colcon.colcon_core.package_identification:_identify(src/model_pkg/src) by extension 'python'
[0.158s] Level 1:colcon.colcon_core.package_identification:_identify(src/model_pkg/src) by extensions ['python_setup_py']
[0.158s] Level 1:colcon.colcon_core.package_identification:_identify(src/model_pkg/src) by extension 'python_setup_py'
[0.158s] Level 1:colcon.colcon_core.package_discovery:discover_packages(recursive) using defaults
[0.158s] Level 1:colcon.colcon_core.package_discovery:discover_packages(ignore) discover
[0.158s] Level 1:colcon.colcon_core.package_discovery:discover_packages(ignore) using defaults
[0.158s] Level 1:colcon.colcon_core.package_discovery:discover_packages(path) discover
[0.158s] Level 1:colcon.colcon_core.package_discovery:discover_packages(path) using defaults
[0.158s] WARNING:colcon.colcon_core.package_selection:ignoring unknown package 'lane_follower' in --packages-select
[0.170s] Level 1:colcon.colcon_core.package_discovery:discover_packages(prefix_path) check parameters
[0.170s] Level 1:colcon.colcon_core.package_discovery:discover_packages(prefix_path) discover
[0.170s] Level 1:colcon.colcon_core.package_discovery:discover_packages(prefix_path) using defaults
[0.171s] INFO:colcon.colcon_core.executor:Executing jobs using 'parallel' executor
[0.171s] DEBUG:colcon.colcon_parallel_executor.executor.parallel:run_until_complete
[0.171s] DEBUG:colcon.colcon_parallel_executor.executor.parallel:closing loop
[0.171s] DEBUG:colcon.colcon_parallel_executor.executor.parallel:loop closed
[0.171s] DEBUG:colcon.colcon_parallel_executor.executor.parallel:run_until_complete finished with '0'
[0.172s] DEBUG:colcon.colcon_core.event_reactor:joining thread
[0.175s] INFO:colcon.colcon_core.plugin_system:Skipping extension 'colcon_notification.desktop_notification.terminal_notifier': Not used on non-Darwin systems
[0.175s] INFO:colcon.colcon_core.plugin_system:Skipping extension 'colcon_notification.desktop_notification.win32': Not used on non-Windows systems
[0.175s] INFO:colcon.colcon_notification.desktop_notification:Sending desktop notification using 'notify2'
[0.185s] DEBUG:colcon.colcon_core.event_reactor:joined thread
[0.189s] INFO:colcon.colcon_core.plugin_system:Skipping extension 'colcon_core.shell.bat': Not used on non-Windows systems
[0.189s] INFO:colcon.colcon_core.shell:Creating prefix script '/home/govind/abhiyaan/gazebo_ws/install/local_setup.ps1'
[0.190s] INFO:colcon.colcon_core.shell:Creating prefix util module '/home/govind/abhiyaan/gazebo_ws/install/_local_setup_util_ps1.py'
[0.191s] INFO:colcon.colcon_core.shell:Creating prefix chain script '/home/govind/abhiyaan/gazebo_ws/install/setup.ps1'
[0.192s] INFO:colcon.colcon_core.shell:Creating prefix script '/home/govind/abhiyaan/gazebo_ws/install/local_setup.sh'
[0.192s] INFO:colcon.colcon_core.shell:Creating prefix util module '/home/govind/abhiyaan/gazebo_ws/install/_local_setup_util_sh.py'
[0.192s] INFO:colcon.colcon_core.shell:Creating prefix chain script '/home/govind/abhiyaan/gazebo_ws/install/setup.sh'
[0.193s] INFO:colcon.colcon_core.shell:Creating prefix script '/home/govind/abhiyaan/gazebo_ws/install/local_setup.bash'
[0.193s] INFO:colcon.colcon_core.shell:Creating prefix chain script '/home/govind/abhiyaan/gazebo_ws/install/setup.bash'
[0.194s] INFO:colcon.colcon_core.shell:Creating prefix script '/home/govind/abhiyaan/gazebo_ws/install/local_setup.zsh'
[0.194s] INFO:colcon.colcon_core.shell:Creating prefix chain script '/home/govind/abhiyaan/gazebo_ws/install/setup.zsh'
