[0.200s] DEBUG:colcon:Command line arguments: ['/usr/bin/colcon', 'build']
[0.200s] DEBUG:colcon:Parsed command line arguments: Namespace(log_base=None, log_level=None, verb_name='build', build_base='build', install_base='install', merge_install=False, symlink_install=False, test_result_base=None, continue_on_error=False, executor='parallel', parallel_workers=8, event_handlers=None, ignore_user_meta=False, metas=['./colcon.meta'], base_paths=['.'], packages_ignore=None, packages_ignore_regex=None, paths=None, packages_up_to=None, packages_up_to_regex=None, packages_above=None, packages_above_and_dependencies=None, packages_above_depth=None, packages_select_by_dep=None, packages_skip_by_dep=None, packages_skip_up_to=None, packages_select_build_failed=False, packages_skip_build_finished=False, packages_select_test_failures=False, packages_skip_test_passed=False, packages_select=None, packages_skip=None, packages_select_regex=None, packages_skip_regex=None, packages_start=None, packages_end=None, allow_overriding=[], cmake_args=None, cmake_target=None, cmake_target_skip_unavailable=False, cmake_clean_cache=False, cmake_clean_first=False, cmake_force_configure=False, ament_cmake_args=None, catkin_cmake_args=None, catkin_skip_building_tests=False, verb_parser=<colcon_defaults.argument_parser.defaults.DefaultArgumentsDecorator object at 0x70398095a4d0>, verb_extension=<colcon_core.verb.build.BuildVerb object at 0x703980a430d0>, main=<bound method BuildVerb.main of <colcon_core.verb.build.BuildVerb object at 0x703980a430d0>>)
[0.555s] Level 1:colcon.colcon_core.package_discovery:discover_packages(colcon_meta) check parameters
[0.555s] Level 1:colcon.colcon_core.package_discovery:discover_packages(recursive) check parameters
[0.555s] Level 1:colcon.colcon_core.package_discovery:discover_packages(ignore) check parameters
[0.555s] Level 1:colcon.colcon_core.package_discovery:discover_packages(path) check parameters
[0.555s] Level 1:colcon.colcon_core.package_discovery:discover_packages(colcon_meta) discover
[0.555s] Level 1:colcon.colcon_core.package_discovery:discover_packages(recursive) discover
[0.555s] INFO:colcon.colcon_core.package_discovery:Crawling recursively for packages in '/home/govind/abhiyaan/gazebo_ws'
[0.556s] Level 1:colcon.colcon_core.package_identification:_identify(.) by extensions ['ignore', 'ignore_ament_install']
[0.556s] Level 1:colcon.colcon_core.package_identification:_identify(.) by extension 'ignore'
[0.556s] Level 1:colcon.colcon_core.package_identification:_identify(.) by extension 'ignore_ament_install'
[0.556s] Level 1:colcon.colcon_core.package_identification:_identify(.) by extensions ['colcon_pkg']
[0.556s] Level 1:colcon.colcon_core.package_identification:_identify(.) by extension 'colcon_pkg'
[0.556s] Level 1:colcon.colcon_core.package_identification:_identify(.) by extensions ['colcon_meta']
[0.556s] Level 1:colcon.colcon_core.package_identification:_identify(.) by extension 'colcon_meta'
[0.556s] Level 1:colcon.colcon_core.package_identification:_identify(.) by extensions ['ros']
[0.556s] Level 1:colcon.colcon_core.package_identification:_identify(.) by extension 'ros'
[0.575s] Level 1:colcon.colcon_core.package_identification:_identify(.) by extensions ['cmake', 'python']
[0.575s] Level 1:colcon.colcon_core.package_identification:_identify(.) by extension 'cmake'
[0.575s] Level 1:colcon.colcon_core.package_identification:_identify(.) by extension 'python'
[0.576s] Level 1:colcon.colcon_core.package_identification:_identify(.) by extensions ['python_setup_py']
[0.576s] Level 1:colcon.colcon_core.package_identification:_identify(.) by extension 'python_setup_py'
[0.576s] Level 1:colcon.colcon_core.package_identification:_identify(build) by extensions ['ignore', 'ignore_ament_install']
[0.576s] Level 1:colcon.colcon_core.package_identification:_identify(build) by extension 'ignore'
[0.576s] Level 1:colcon.colcon_core.package_identification:_identify(build) ignored
[0.576s] Level 1:colcon.colcon_core.package_identification:_identify(install) by extensions ['ignore', 'ignore_ament_install']
[0.577s] Level 1:colcon.colcon_core.package_identification:_identify(install) by extension 'ignore'
[0.577s] Level 1:colcon.colcon_core.package_identification:_identify(install) ignored
[0.577s] Level 1:colcon.colcon_core.package_identification:_identify(log) by extensions ['ignore', 'ignore_ament_install']
[0.577s] Level 1:colcon.colcon_core.package_identification:_identify(log) by extension 'ignore'
[0.577s] Level 1:colcon.colcon_core.package_identification:_identify(log) ignored
[0.577s] Level 1:colcon.colcon_core.package_identification:_identify(src) by extensions ['ignore', 'ignore_ament_install']
[0.577s] Level 1:colcon.colcon_core.package_identification:_identify(src) by extension 'ignore'
[0.577s] Level 1:colcon.colcon_core.package_identification:_identify(src) by extension 'ignore_ament_install'
[0.577s] Level 1:colcon.colcon_core.package_identification:_identify(src) by extensions ['colcon_pkg']
[0.577s] Level 1:colcon.colcon_core.package_identification:_identify(src) by extension 'colcon_pkg'
[0.578s] Level 1:colcon.colcon_core.package_identification:_identify(src) by extensions ['colcon_meta']
[0.578s] Level 1:colcon.colcon_core.package_identification:_identify(src) by extension 'colcon_meta'
[0.578s] Level 1:colcon.colcon_core.package_identification:_identify(src) by extensions ['ros']
[0.578s] Level 1:colcon.colcon_core.package_identification:_identify(src) by extension 'ros'
[0.578s] Level 1:colcon.colcon_core.package_identification:_identify(src) by extensions ['cmake', 'python']
[0.578s] Level 1:colcon.colcon_core.package_identification:_identify(src) by extension 'cmake'
[0.578s] Level 1:colcon.colcon_core.package_identification:_identify(src) by extension 'python'
[0.578s] Level 1:colcon.colcon_core.package_identification:_identify(src) by extensions ['python_setup_py']
[0.578s] Level 1:colcon.colcon_core.package_identification:_identify(src) by extension 'python_setup_py'
[0.578s] Level 1:colcon.colcon_core.package_identification:_identify(src/model_pkg) by extensions ['ignore', 'ignore_ament_install']
[0.578s] Level 1:colcon.colcon_core.package_identification:_identify(src/model_pkg) by extension 'ignore'
[0.579s] Level 1:colcon.colcon_core.package_identification:_identify(src/model_pkg) by extension 'ignore_ament_install'
[0.579s] Level 1:colcon.colcon_core.package_identification:_identify(src/model_pkg) by extensions ['colcon_pkg']
[0.579s] Level 1:colcon.colcon_core.package_identification:_identify(src/model_pkg) by extension 'colcon_pkg'
[0.579s] Level 1:colcon.colcon_core.package_identification:_identify(src/model_pkg) by extensions ['colcon_meta']
[0.579s] Level 1:colcon.colcon_core.package_identification:_identify(src/model_pkg) by extension 'colcon_meta'
[0.579s] Level 1:colcon.colcon_core.package_identification:_identify(src/model_pkg) by extensions ['ros']
[0.579s] Level 1:colcon.colcon_core.package_identification:_identify(src/model_pkg) by extension 'ros'
[0.583s] DEBUG:colcon.colcon_core.package_identification:Package 'src/model_pkg' with type 'ros.ament_cmake' and name 'model_pkg'
[0.583s] Level 1:colcon.colcon_core.package_discovery:discover_packages(recursive) using defaults
[0.584s] Level 1:colcon.colcon_core.package_discovery:discover_packages(ignore) discover
[0.584s] Level 1:colcon.colcon_core.package_discovery:discover_packages(ignore) using defaults
[0.584s] Level 1:colcon.colcon_core.package_discovery:discover_packages(path) discover
[0.584s] Level 1:colcon.colcon_core.package_discovery:discover_packages(path) using defaults
[0.647s] Level 1:colcon.colcon_core.package_discovery:discover_packages(prefix_path) check parameters
[0.648s] Level 1:colcon.colcon_core.package_discovery:discover_packages(prefix_path) discover
[0.650s] DEBUG:colcon.colcon_installed_package_information.package_discovery:Found 1 installed packages in /home/govind/abhiyaan/gazebo_ws/install
[0.651s] DEBUG:colcon.colcon_installed_package_information.package_discovery:Found 1 installed packages in /home/govind/abhiyaan/gazebo_model/install
[0.652s] DEBUG:colcon.colcon_installed_package_information.package_discovery:Found 1 installed packages in /home/govind/abhiyaan/yoogi/autobot-master/install
[0.656s] DEBUG:colcon.colcon_installed_package_information.package_discovery:Found 421 installed packages in /opt/ros/humble
[0.660s] Level 1:colcon.colcon_core.package_discovery:discover_packages(prefix_path) using defaults
[0.754s] Level 5:colcon.colcon_core.verb:set package 'model_pkg' build argument 'cmake_args' from command line to 'None'
[0.754s] Level 5:colcon.colcon_core.verb:set package 'model_pkg' build argument 'cmake_target' from command line to 'None'
[0.754s] Level 5:colcon.colcon_core.verb:set package 'model_pkg' build argument 'cmake_target_skip_unavailable' from command line to 'False'
[0.754s] Level 5:colcon.colcon_core.verb:set package 'model_pkg' build argument 'cmake_clean_cache' from command line to 'False'
[0.754s] Level 5:colcon.colcon_core.verb:set package 'model_pkg' build argument 'cmake_clean_first' from command line to 'False'
[0.754s] Level 5:colcon.colcon_core.verb:set package 'model_pkg' build argument 'cmake_force_configure' from command line to 'False'
[0.754s] Level 5:colcon.colcon_core.verb:set package 'model_pkg' build argument 'ament_cmake_args' from command line to 'None'
[0.754s] Level 5:colcon.colcon_core.verb:set package 'model_pkg' build argument 'catkin_cmake_args' from command line to 'None'
[0.754s] Level 5:colcon.colcon_core.verb:set package 'model_pkg' build argument 'catkin_skip_building_tests' from command line to 'False'
[0.754s] DEBUG:colcon.colcon_core.verb:Building package 'model_pkg' with the following arguments: {'ament_cmake_args': None, 'build_base': '/home/govind/abhiyaan/gazebo_ws/build/model_pkg', 'catkin_cmake_args': None, 'catkin_skip_building_tests': False, 'cmake_args': None, 'cmake_clean_cache': False, 'cmake_clean_first': False, 'cmake_force_configure': False, 'cmake_target': None, 'cmake_target_skip_unavailable': False, 'install_base': '/home/govind/abhiyaan/gazebo_ws/install/model_pkg', 'merge_install': False, 'path': '/home/govind/abhiyaan/gazebo_ws/src/model_pkg', 'symlink_install': False, 'test_result_base': None}
[0.755s] INFO:colcon.colcon_core.executor:Executing jobs using 'parallel' executor
[0.757s] DEBUG:colcon.colcon_parallel_executor.executor.parallel:run_until_complete
[0.757s] INFO:colcon.colcon_ros.task.ament_cmake.build:Building ROS package in '/home/govind/abhiyaan/gazebo_ws/src/model_pkg' with build type 'ament_cmake'
[0.757s] INFO:colcon.colcon_cmake.task.cmake.build:Building CMake package in '/home/govind/abhiyaan/gazebo_ws/src/model_pkg'
[0.761s] INFO:colcon.colcon_core.plugin_system:Skipping extension 'colcon_core.shell.bat': Not used on non-Windows systems
[0.761s] INFO:colcon.colcon_core.shell:Skip shell extension 'powershell' for command environment: Not usable outside of PowerShell
[0.761s] DEBUG:colcon.colcon_core.shell:Skip shell extension 'dsv' for command environment
[0.786s] DEBUG:colcon.colcon_core.event_handler.log_command:Invoking command in '/home/govind/abhiyaan/gazebo_ws/build/model_pkg': CMAKE_PREFIX_PATH=${CMAKE_PREFIX_PATH}:/home/govind/abhiyaan/yoogi/autobot-master/install/basic_robot:/opt/ros/humble /usr/bin/cmake --build /home/govind/abhiyaan/gazebo_ws/build/model_pkg -- -j8 -l8
[0.908s] DEBUG:colcon.colcon_core.event_handler.log_command:Invoked command in '/home/govind/abhiyaan/gazebo_ws/build/model_pkg' returned '0': CMAKE_PREFIX_PATH=${CMAKE_PREFIX_PATH}:/home/govind/abhiyaan/yoogi/autobot-master/install/basic_robot:/opt/ros/humble /usr/bin/cmake --build /home/govind/abhiyaan/gazebo_ws/build/model_pkg -- -j8 -l8
[0.991s] DEBUG:colcon.colcon_core.event_handler.log_command:Invoking command in '/home/govind/abhiyaan/gazebo_ws/build/model_pkg': CMAKE_PREFIX_PATH=${CMAKE_PREFIX_PATH}:/home/govind/abhiyaan/yoogi/autobot-master/install/basic_robot:/opt/ros/humble /usr/bin/cmake --install /home/govind/abhiyaan/gazebo_ws/build/model_pkg
[1.014s] Level 1:colcon.colcon_core.environment:create_environment_scripts_only(model_pkg)
[1.015s] DEBUG:colcon.colcon_core.event_handler.log_command:Invoked command in '/home/govind/abhiyaan/gazebo_ws/build/model_pkg' returned '0': CMAKE_PREFIX_PATH=${CMAKE_PREFIX_PATH}:/home/govind/abhiyaan/yoogi/autobot-master/install/basic_robot:/opt/ros/humble /usr/bin/cmake --install /home/govind/abhiyaan/gazebo_ws/build/model_pkg
[1.019s] Level 1:colcon.colcon_core.environment:checking '/home/govind/abhiyaan/gazebo_ws/install/model_pkg' for CMake module files
[1.020s] Level 1:colcon.colcon_core.environment:checking '/home/govind/abhiyaan/gazebo_ws/install/model_pkg' for CMake config files
[1.020s] Level 1:colcon.colcon_core.shell:create_environment_hook('model_pkg', 'cmake_prefix_path')
[1.021s] INFO:colcon.colcon_core.shell:Creating environment hook '/home/govind/abhiyaan/gazebo_ws/install/model_pkg/share/model_pkg/hook/cmake_prefix_path.ps1'
[1.022s] INFO:colcon.colcon_core.shell:Creating environment descriptor '/home/govind/abhiyaan/gazebo_ws/install/model_pkg/share/model_pkg/hook/cmake_prefix_path.dsv'
[1.023s] INFO:colcon.colcon_core.shell:Creating environment hook '/home/govind/abhiyaan/gazebo_ws/install/model_pkg/share/model_pkg/hook/cmake_prefix_path.sh'
[1.024s] Level 1:colcon.colcon_core.environment:checking '/home/govind/abhiyaan/gazebo_ws/install/model_pkg/bin'
[1.024s] Level 1:colcon.colcon_core.environment:checking '/home/govind/abhiyaan/gazebo_ws/install/model_pkg/lib/pkgconfig/model_pkg.pc'
[1.025s] Level 1:colcon.colcon_core.environment:checking '/home/govind/abhiyaan/gazebo_ws/install/model_pkg/lib/python3.10/site-packages'
[1.025s] Level 1:colcon.colcon_core.environment:checking '/home/govind/abhiyaan/gazebo_ws/install/model_pkg/bin'
[1.025s] INFO:colcon.colcon_core.shell:Creating package script '/home/govind/abhiyaan/gazebo_ws/install/model_pkg/share/model_pkg/package.ps1'
[1.027s] INFO:colcon.colcon_core.shell:Creating package descriptor '/home/govind/abhiyaan/gazebo_ws/install/model_pkg/share/model_pkg/package.dsv'
[1.028s] INFO:colcon.colcon_core.shell:Creating package script '/home/govind/abhiyaan/gazebo_ws/install/model_pkg/share/model_pkg/package.sh'
[1.029s] INFO:colcon.colcon_core.shell:Creating package script '/home/govind/abhiyaan/gazebo_ws/install/model_pkg/share/model_pkg/package.bash'
[1.030s] INFO:colcon.colcon_core.shell:Creating package script '/home/govind/abhiyaan/gazebo_ws/install/model_pkg/share/model_pkg/package.zsh'
[1.031s] Level 1:colcon.colcon_core.environment:create_file_with_runtime_dependencies(/home/govind/abhiyaan/gazebo_ws/install/model_pkg/share/colcon-core/packages/model_pkg)
[1.095s] Level 1:colcon.colcon_core.environment:create_environment_scripts_only(model_pkg)
[1.095s] Level 1:colcon.colcon_core.environment:checking '/home/govind/abhiyaan/gazebo_ws/install/model_pkg' for CMake module files
[1.096s] Level 1:colcon.colcon_core.environment:checking '/home/govind/abhiyaan/gazebo_ws/install/model_pkg' for CMake config files
[1.097s] Level 1:colcon.colcon_core.shell:create_environment_hook('model_pkg', 'cmake_prefix_path')
[1.097s] INFO:colcon.colcon_core.shell:Creating environment hook '/home/govind/abhiyaan/gazebo_ws/install/model_pkg/share/model_pkg/hook/cmake_prefix_path.ps1'
[1.098s] INFO:colcon.colcon_core.shell:Creating environment descriptor '/home/govind/abhiyaan/gazebo_ws/install/model_pkg/share/model_pkg/hook/cmake_prefix_path.dsv'
[1.098s] INFO:colcon.colcon_core.shell:Creating environment hook '/home/govind/abhiyaan/gazebo_ws/install/model_pkg/share/model_pkg/hook/cmake_prefix_path.sh'
[1.099s] Level 1:colcon.colcon_core.environment:checking '/home/govind/abhiyaan/gazebo_ws/install/model_pkg/bin'
[1.099s] Level 1:colcon.colcon_core.environment:checking '/home/govind/abhiyaan/gazebo_ws/install/model_pkg/lib/pkgconfig/model_pkg.pc'
[1.099s] Level 1:colcon.colcon_core.environment:checking '/home/govind/abhiyaan/gazebo_ws/install/model_pkg/lib/python3.10/site-packages'
[1.100s] Level 1:colcon.colcon_core.environment:checking '/home/govind/abhiyaan/gazebo_ws/install/model_pkg/bin'
[1.100s] INFO:colcon.colcon_core.shell:Creating package script '/home/govind/abhiyaan/gazebo_ws/install/model_pkg/share/model_pkg/package.ps1'
[1.101s] INFO:colcon.colcon_core.shell:Creating package descriptor '/home/govind/abhiyaan/gazebo_ws/install/model_pkg/share/model_pkg/package.dsv'
[1.102s] INFO:colcon.colcon_core.shell:Creating package script '/home/govind/abhiyaan/gazebo_ws/install/model_pkg/share/model_pkg/package.sh'
[1.103s] INFO:colcon.colcon_core.shell:Creating package script '/home/govind/abhiyaan/gazebo_ws/install/model_pkg/share/model_pkg/package.bash'
[1.104s] INFO:colcon.colcon_core.shell:Creating package script '/home/govind/abhiyaan/gazebo_ws/install/model_pkg/share/model_pkg/package.zsh'
[1.105s] Level 1:colcon.colcon_core.environment:create_file_with_runtime_dependencies(/home/govind/abhiyaan/gazebo_ws/install/model_pkg/share/colcon-core/packages/model_pkg)
[1.105s] DEBUG:colcon.colcon_parallel_executor.executor.parallel:closing loop
[1.106s] DEBUG:colcon.colcon_parallel_executor.executor.parallel:loop closed
[1.106s] DEBUG:colcon.colcon_parallel_executor.executor.parallel:run_until_complete finished with '0'
[1.106s] DEBUG:colcon.colcon_core.event_reactor:joining thread
[1.125s] INFO:colcon.colcon_core.plugin_system:Skipping extension 'colcon_notification.desktop_notification.terminal_notifier': Not used on non-Darwin systems
[1.125s] INFO:colcon.colcon_core.plugin_system:Skipping extension 'colcon_notification.desktop_notification.win32': Not used on non-Windows systems
[1.125s] INFO:colcon.colcon_notification.desktop_notification:Sending desktop notification using 'notify2'
[1.151s] DEBUG:colcon.colcon_core.event_reactor:joined thread
[1.152s] INFO:colcon.colcon_core.shell:Creating prefix script '/home/govind/abhiyaan/gazebo_ws/install/local_setup.ps1'
[1.154s] INFO:colcon.colcon_core.shell:Creating prefix util module '/home/govind/abhiyaan/gazebo_ws/install/_local_setup_util_ps1.py'
[1.159s] INFO:colcon.colcon_core.shell:Creating prefix chain script '/home/govind/abhiyaan/gazebo_ws/install/setup.ps1'
[1.163s] INFO:colcon.colcon_core.shell:Creating prefix script '/home/govind/abhiyaan/gazebo_ws/install/local_setup.sh'
[1.165s] INFO:colcon.colcon_core.shell:Creating prefix util module '/home/govind/abhiyaan/gazebo_ws/install/_local_setup_util_sh.py'
[1.166s] INFO:colcon.colcon_core.shell:Creating prefix chain script '/home/govind/abhiyaan/gazebo_ws/install/setup.sh'
[1.170s] INFO:colcon.colcon_core.shell:Creating prefix script '/home/govind/abhiyaan/gazebo_ws/install/local_setup.bash'
[1.172s] INFO:colcon.colcon_core.shell:Creating prefix chain script '/home/govind/abhiyaan/gazebo_ws/install/setup.bash'
[1.176s] INFO:colcon.colcon_core.shell:Creating prefix script '/home/govind/abhiyaan/gazebo_ws/install/local_setup.zsh'
[1.178s] INFO:colcon.colcon_core.shell:Creating prefix chain script '/home/govind/abhiyaan/gazebo_ws/install/setup.zsh'
