[0.006s] Invoking command in '/home/govind/abhiyaan/gazebo_ws/build/model_pkg': CMAKE_PREFIX_PATH=/opt/ros/humble /usr/bin/cmake /home/govind/abhiyaan/gazebo_ws/src/model_pkg -DCMAKE_INSTALL_PREFIX=/home/govind/abhiyaan/gazebo_ws/install/model_pkg
[0.020s] -- Found ament_cmake: 1.3.9 (/opt/ros/humble/share/ament_cmake/cmake)
[0.124s] -- Found Python3: /usr/bin/python3 (found version "3.10.12") found components: Interpreter 
[0.189s] -- Found ament_lint_auto: 0.12.11 (/opt/ros/humble/share/ament_lint_auto/cmake)
[0.240s] -- Added test 'flake8' to check Python code syntax and style conventions
[0.240s] -- Added test 'lint_cmake' to check CMake code style
[0.240s] -- Added test 'pep257' to check Python code against some of the docstring style conventions in PEP 257
[0.241s] -- Added test 'xmllint' to check XML markup files
[0.243s] -- Configuring done
[0.245s] -- Generating done
[0.245s] -- Build files have been written to: /home/govind/abhiyaan/gazebo_ws/build/model_pkg
[0.247s] Invoked command in '/home/govind/abhiyaan/gazebo_ws/build/model_pkg' returned '0': CMAKE_PREFIX_PATH=/opt/ros/humble /usr/bin/cmake /home/govind/abhiyaan/gazebo_ws/src/model_pkg -DCMAKE_INSTALL_PREFIX=/home/govind/abhiyaan/gazebo_ws/install/model_pkg
[0.249s] Invoking command in '/home/govind/abhiyaan/gazebo_ws/build/model_pkg': CMAKE_PREFIX_PATH=/opt/ros/humble /usr/bin/cmake --build /home/govind/abhiyaan/gazebo_ws/build/model_pkg -- -j16 -l16
[0.287s] Invoked command in '/home/govind/abhiyaan/gazebo_ws/build/model_pkg' returned '0': CMAKE_PREFIX_PATH=/opt/ros/humble /usr/bin/cmake --build /home/govind/abhiyaan/gazebo_ws/build/model_pkg -- -j16 -l16
[0.322s] Invoking command in '/home/govind/abhiyaan/gazebo_ws/build/model_pkg': CMAKE_PREFIX_PATH=/opt/ros/humble /usr/bin/cmake --install /home/govind/abhiyaan/gazebo_ws/build/model_pkg
[0.330s] -- Install configuration: ""
[0.330s] -- Installing: /home/govind/abhiyaan/gazebo_ws/install/model_pkg/share/model_pkg/launch
[0.331s] -- Installing: /home/govind/abhiyaan/gazebo_ws/install/model_pkg/share/model_pkg/launch/display.launch.py
[0.331s] -- Installing: /home/govind/abhiyaan/gazebo_ws/install/model_pkg/share/model_pkg/launch/model_launch.py
[0.331s] -- Installing: /home/govind/abhiyaan/gazebo_ws/install/model_pkg/share/model_pkg/model
[0.331s] -- Installing: /home/govind/abhiyaan/gazebo_ws/install/model_pkg/share/model_pkg/model/world_simple.world
[0.331s] -- Installing: /home/govind/abhiyaan/gazebo_ws/install/model_pkg/share/model_pkg/model/world_igvc.world
[0.331s] -- Installing: /home/govind/abhiyaan/gazebo_ws/install/model_pkg/share/model_pkg/model/world_bak.world
[0.331s] -- Installing: /home/govind/abhiyaan/gazebo_ws/install/model_pkg/share/model_pkg/model/world.world
[0.331s] -- Installing: /home/govind/abhiyaan/gazebo_ws/install/model_pkg/share/model_pkg/model/robot.xacro
[0.331s] -- Installing: /home/govind/abhiyaan/gazebo_ws/install/model_pkg/share/model_pkg/config
[0.331s] -- Installing: /home/govind/abhiyaan/gazebo_ws/install/model_pkg/share/model_pkg/config/mapper_params_online_async.yaml
[0.332s] -- Installing: /home/govind/abhiyaan/gazebo_ws/install/model_pkg/share/model_pkg/config/nav2_params.yaml
[0.332s] -- Installing: /home/govind/abhiyaan/gazebo_ws/install/model_pkg/share/model_pkg/config/ekf.yaml
[0.332s] -- Installing: /home/govind/abhiyaan/gazebo_ws/install/model_pkg/share/model_pkg/config/twist_mux.yaml
[0.332s] -- Installing: /home/govind/abhiyaan/gazebo_ws/install/model_pkg/share/ament_index/resource_index/package_run_dependencies/model_pkg
[0.332s] -- Installing: /home/govind/abhiyaan/gazebo_ws/install/model_pkg/share/ament_index/resource_index/parent_prefix_path/model_pkg
[0.332s] -- Installing: /home/govind/abhiyaan/gazebo_ws/install/model_pkg/share/model_pkg/environment/ament_prefix_path.sh
[0.332s] -- Installing: /home/govind/abhiyaan/gazebo_ws/install/model_pkg/share/model_pkg/environment/ament_prefix_path.dsv
[0.332s] -- Installing: /home/govind/abhiyaan/gazebo_ws/install/model_pkg/share/model_pkg/environment/path.sh
[0.332s] -- Installing: /home/govind/abhiyaan/gazebo_ws/install/model_pkg/share/model_pkg/environment/path.dsv
[0.332s] -- Installing: /home/govind/abhiyaan/gazebo_ws/install/model_pkg/share/model_pkg/local_setup.bash
[0.332s] -- Installing: /home/govind/abhiyaan/gazebo_ws/install/model_pkg/share/model_pkg/local_setup.sh
[0.332s] -- Installing: /home/govind/abhiyaan/gazebo_ws/install/model_pkg/share/model_pkg/local_setup.zsh
[0.333s] -- Installing: /home/govind/abhiyaan/gazebo_ws/install/model_pkg/share/model_pkg/local_setup.dsv
[0.333s] -- Installing: /home/govind/abhiyaan/gazebo_ws/install/model_pkg/share/model_pkg/package.dsv
[0.333s] -- Installing: /home/govind/abhiyaan/gazebo_ws/install/model_pkg/share/ament_index/resource_index/packages/model_pkg
[0.333s] -- Installing: /home/govind/abhiyaan/gazebo_ws/install/model_pkg/share/model_pkg/cmake/model_pkgConfig.cmake
[0.333s] -- Installing: /home/govind/abhiyaan/gazebo_ws/install/model_pkg/share/model_pkg/cmake/model_pkgConfig-version.cmake
[0.333s] -- Installing: /home/govind/abhiyaan/gazebo_ws/install/model_pkg/share/model_pkg/package.xml
[0.335s] Invoked command in '/home/govind/abhiyaan/gazebo_ws/build/model_pkg' returned '0': CMAKE_PREFIX_PATH=/opt/ros/humble /usr/bin/cmake --install /home/govind/abhiyaan/gazebo_ws/build/model_pkg
